#
# There is insufficient memory for the Java Runtime Environment to continue.
# Native memory allocation (malloc) failed to allocate 1048576 bytes for AllocateHeap
# Possible reasons:
#   The system is out of physical RAM or swap space
#   The process is running with CompressedOops enabled, and the Java Heap may be blocking the growth of the native heap
# Possible solutions:
#   Reduce memory load on the system
#   Increase physical memory or swap space
#   Check if swap backing store is full
#   Decrease Java heap size (-Xmx/-Xms)
#   Decrease number of Java threads
#   Decrease Java thread stack sizes (-Xss)
#   Set larger code cache with -XX:ReservedCodeCacheSize=
#   JVM is running with Unscaled Compressed Oops mode in which the Java heap is
#     placed in the first 4GB address space. The Java Heap base address is the
#     maximum limit for the native heap growth. Please use -XX:HeapBaseMinAddress
#     to set the Java Heap base and to place the Java Heap above 4GB virtual address.
# This output file may be truncated or incomplete.
#
#  Out of Memory Error (allocation.cpp:44), pid=31784, tid=20504
#
# JRE version:  (21.0.2+13) (build )
# Java VM: Java HotSpot(TM) 64-Bit Server VM (21.0.2+13-LTS-58, mixed mode, sharing, tiered, compressed oops, compressed class ptrs, g1 gc, windows-amd64)
# No core dump will be written. Minidumps are not enabled by default on client versions of Windows
#

---------------  S U M M A R Y ------------

Command Line: -Dfile.encoding=UTF-8 --module-path=D:\college projects\secound year\java-prog\JavaApplication3\build\classes login

Host: AMD PRO A10-8700B R6, 10 Compute Cores 4C+6G   , 4 cores, 11G,  Windows 10 , 64 bit Build 19041 (10.0.19041.3636)
Time: Thu May  2 01:15:01 2024 Egypt Daylight Time elapsed time: 0.029562 seconds (0d 0h 0m 0s)

---------------  T H R E A D  ---------------

Current thread (0x000002439402d300):  JavaThread "Unknown thread" [_thread_in_vm, id=20504, stack(0x0000009c7bf00000,0x0000009c7c000000) (1024K)]

Stack: [0x0000009c7bf00000,0x0000009c7c000000]
Native frames: (J=compiled Java code, j=interpreted, Vv=VM code, C=native code)
V  [jvm.dll+0x6cade9]
V  [jvm.dll+0x8569c1]
V  [jvm.dll+0x858d2e]
V  [jvm.dll+0x859413]
V  [jvm.dll+0x280e56]
V  [jvm.dll+0xbeb17]
V  [jvm.dll+0x3273b5]
V  [jvm.dll+0x81ef6d]
V  [jvm.dll+0x3bba01]
V  [jvm.dll+0x807928]
V  [jvm.dll+0x44f50e]
V  [jvm.dll+0x450e11]
C  [jli.dll+0x52a3]
C  [ucrtbase.dll+0x21bb2]
C  [KERNEL32.DLL+0x17344]
C  [ntdll.dll+0x526b1]


---------------  P R O C E S S  ---------------

Threads class SMR info:
_java_thread_list=0x00007fff2c87bb88, length=0, elements={
}

Java Threads: ( => current thread )
Total: 0

Other Threads:

=>0x000002439402d300 (exited) JavaThread "Unknown thread"    [_thread_in_vm, id=20504, stack(0x0000009c7bf00000,0x0000009c7c000000) (1024K)]
Total: 1

Threads with active compile tasks:
Total: 0

VM state: not at safepoint (not fully initialized)

VM Mutex/Monitor currently owned by a thread: None

Heap address: 0x0000000000000000, size: 0 MB, Compressed Oops mode: 32-bit

CDS archive(s) mapped at: [0x0000000000000000-0x0000000000000000-0x0000000000000000), size 0, SharedBaseAddress: 0x0000000800000000, ArchiveRelocationMode: 1.
Narrow klass base: 0x0000000000000000, Narrow klass shift: 0, Narrow klass range: 0x0

GC Precious Log:
 CardTable entry size: 512
 Card Set container configuration: InlinePtr #cards 4 size 8 Array Of Cards #cards 16 size 48 Howl #buckets 8 coarsen threshold 3686 Howl Bitmap #cards 512 size 80 coarsen threshold 460 Card regions per heap region 1 cards per card region 4096

GC Heap History (0 events):
No events

Dll operation events (1 events):
Event: 0.020 Loaded shared library C:\Program Files\Java\jdk-21\bin\java.dll

Deoptimization events (0 events):
No events

Classes loaded (0 events):
No events

Classes unloaded (0 events):
No events

Classes redefined (0 events):
No events

Internal exceptions (0 events):
No events

ZGC Phase Switch (0 events):
No events

VM Operations (0 events):
No events

Events (0 events):
No events


Dynamic libraries:
0x00007ff7b57e0000 - 0x00007ff7b57f0000 	C:\Program Files\Java\jdk-21\bin\java.exe
0x00007fffa3230000 - 0x00007fffa3428000 	C:\WINDOWS\SYSTEM32\ntdll.dll
0x00007fffa1260000 - 0x00007fffa131d000 	C:\WINDOWS\System32\KERNEL32.DLL
0x00007fffa0960000 - 0x00007fffa0c56000 	C:\WINDOWS\System32\KERNELBASE.dll
0x00007fffa0dc0000 - 0x00007fffa0ec0000 	C:\WINDOWS\System32\ucrtbase.dll
0x00007fff8fc60000 - 0x00007fff8fc7b000 	C:\Program Files\Java\jdk-21\bin\VCRUNTIME140.dll
0x00007fff9c380000 - 0x00007fff9c399000 	C:\Program Files\Java\jdk-21\bin\jli.dll
0x00007fffa30e0000 - 0x00007fffa3190000 	C:\WINDOWS\System32\ADVAPI32.dll
0x00007fffa25a0000 - 0x00007fffa263e000 	C:\WINDOWS\System32\msvcrt.dll
0x00007fffa2840000 - 0x00007fffa28e0000 	C:\WINDOWS\System32\sechost.dll
0x00007fffa2ad0000 - 0x00007fffa2bf3000 	C:\WINDOWS\System32\RPCRT4.dll
0x00007fffa0930000 - 0x00007fffa0957000 	C:\WINDOWS\System32\bcrypt.dll
0x00007fffa2dc0000 - 0x00007fffa2f5f000 	C:\WINDOWS\System32\USER32.dll
0x00007fffa1110000 - 0x00007fffa1132000 	C:\WINDOWS\System32\win32u.dll
0x00007fff934f0000 - 0x00007fff9378a000 	C:\WINDOWS\WinSxS\amd64_microsoft.windows.common-controls_6595b64144ccf1df_6.0.19041.4355_none_60b8b9eb71f62e16\COMCTL32.dll
0x00007fffa1440000 - 0x00007fffa146b000 	C:\WINDOWS\System32\GDI32.dll
0x00007fffa1140000 - 0x00007fffa1257000 	C:\WINDOWS\System32\gdi32full.dll
0x00007fffa0fe0000 - 0x00007fffa107d000 	C:\WINDOWS\System32\msvcp_win.dll
0x00007fff981a0000 - 0x00007fff981aa000 	C:\WINDOWS\SYSTEM32\VERSION.dll
0x00007fffa14d0000 - 0x00007fffa1502000 	C:\WINDOWS\System32\IMM32.DLL
0x00007fff9c220000 - 0x00007fff9c22c000 	C:\Program Files\Java\jdk-21\bin\vcruntime140_1.dll
0x00007fff62070000 - 0x00007fff620fe000 	C:\Program Files\Java\jdk-21\bin\msvcp140.dll
0x00007fff2bcb0000 - 0x00007fff2c9c7000 	C:\Program Files\Java\jdk-21\bin\server\jvm.dll
0x00007fffa29c0000 - 0x00007fffa2a2b000 	C:\WINDOWS\System32\WS2_32.dll
0x00007fffa0730000 - 0x00007fffa077b000 	C:\WINDOWS\SYSTEM32\POWRPROF.dll
0x00007fff98170000 - 0x00007fff98197000 	C:\WINDOWS\SYSTEM32\WINMM.dll
0x00007fffa0710000 - 0x00007fffa0722000 	C:\WINDOWS\SYSTEM32\UMPDC.dll
0x00007fff9e760000 - 0x00007fff9e772000 	C:\WINDOWS\SYSTEM32\kernel.appcore.dll
0x00007fff8fc50000 - 0x00007fff8fc5a000 	C:\Program Files\Java\jdk-21\bin\jimage.dll
0x00007fff88e70000 - 0x00007fff89054000 	C:\WINDOWS\SYSTEM32\DBGHELP.DLL
0x00007fff88e30000 - 0x00007fff88e64000 	C:\WINDOWS\SYSTEM32\dbgcore.DLL
0x00007fffa1080000 - 0x00007fffa1102000 	C:\WINDOWS\System32\bcryptPrimitives.dll
0x00007fff88b60000 - 0x00007fff88b7f000 	C:\Program Files\Java\jdk-21\bin\java.dll

dbghelp: loaded successfully - version: 4.0.5 - missing functions: none
symbol engine: initialized successfully - sym options: 0x614 - pdb path: .;C:\Program Files\Java\jdk-21\bin;C:\WINDOWS\SYSTEM32;C:\WINDOWS\WinSxS\amd64_microsoft.windows.common-controls_6595b64144ccf1df_6.0.19041.4355_none_60b8b9eb71f62e16;C:\Program Files\Java\jdk-21\bin\server

VM Arguments:
jvm_args: -Dfile.encoding=UTF-8 --module-path=D:\college projects\secound year\java-prog\JavaApplication3\build\classes 
java_command: login
java_class_path (initial): D:\college projects\secound year\java-prog\JavaApplication3\build\classes
Launcher Type: SUN_STANDARD

[Global flags]
     intx CICompilerCount                          = 3                                         {product} {ergonomic}
     uint ConcGCThreads                            = 1                                         {product} {ergonomic}
     uint G1ConcRefinementThreads                  = 4                                         {product} {ergonomic}
   size_t G1HeapRegionSize                         = 2097152                                   {product} {ergonomic}
    uintx GCDrainStackTargetSize                   = 64                                        {product} {ergonomic}
   size_t InitialHeapSize                          = 192937984                                 {product} {ergonomic}
   size_t MarkStackSize                            = 4194304                                   {product} {ergonomic}
   size_t MaxHeapSize                              = 3066036224                                {product} {ergonomic}
   size_t MinHeapDeltaBytes                        = 2097152                                   {product} {ergonomic}
   size_t MinHeapSize                              = 8388608                                   {product} {ergonomic}
    uintx NonNMethodCodeHeapSize                   = 5832780                                {pd product} {ergonomic}
    uintx NonProfiledCodeHeapSize                  = 122912730                              {pd product} {ergonomic}
    uintx ProfiledCodeHeapSize                     = 122912730                              {pd product} {ergonomic}
    uintx ReservedCodeCacheSize                    = 251658240                              {pd product} {ergonomic}
     bool SegmentedCodeCache                       = true                                      {product} {ergonomic}
   size_t SoftMaxHeapSize                          = 3066036224                             {manageable} {ergonomic}
     bool UseCompressedOops                        = true                           {product lp64_product} {ergonomic}
     bool UseG1GC                                  = true                                      {product} {ergonomic}
     bool UseLargePagesIndividualAllocation        = false                                  {pd product} {ergonomic}

Logging:
Log output configuration:
 #0: stdout all=warning uptime,level,tags foldmultilines=false
 #1: stderr all=off uptime,level,tags foldmultilines=false

Environment Variables:
PATH=C:\Program Files\Common Files\Oracle\Java\javapath;C:\Program Files (x86)\Embarcadero\Studio\21.0\bin;C:\Users\Public\Documents\Embarcadero\Studio\21.0\Bpl;C:\Program Files (x86)\Embarcadero\Studio\21.0\bin64;C:\Users\Public\Documents\Embarcadero\Studio\21.0\Bpl\Win64;C:\Program Files (x86)\Embarcadero\Studio\22.0\bin;C:\Users\Public\Documents\Embarcadero\Studio\22.0\Bpl;C:\Program Files (x86)\Embarcadero\Studio\22.0\bin64;C:\Users\Public\Documents\Embarcadero\Studio\22.0\Bpl\Win64;C:\WINDOWS\system32;C:\WINDOWS;C:\WINDOWS\System32\Wbem;C:\WINDOWS\System32\WindowsPowerShell\v1.0\;C:\WINDOWS\System32\OpenSSH\;C:\Program Files\Microsoft VS Code\bin;C:\mingw64\bin;C:\MinGW\bin;C:\Users\Heba Ahmed\AppData\Local\Microsoft\WindowsApps;C:\MinGW\bin;
USERNAME=Heba Ahmed
OS=Windows_NT
PROCESSOR_IDENTIFIER=AMD64 Family 21 Model 96 Stepping 1, AuthenticAMD
TMP=C:\Users\HEBAAH~1\AppData\Local\Temp
TEMP=C:\Users\HEBAAH~1\AppData\Local\Temp




Periodic native trim disabled

---------------  S Y S T E M  ---------------

OS:
 Windows 10 , 64 bit Build 19041 (10.0.19041.3636)
OS uptime: 0 days 2:46 hours

CPU: total 4 (initial active 4) (4 cores per cpu, 1 threads per core) family 21 model 96 stepping 1 microcode 0x0, cx8, cmov, fxsr, mmx, 3dnowpref, sse, sse2, sse3, ssse3, sse4a, sse4.1, sse4.2, popcnt, lzcnt, tsc, tscinvbit, avx, avx2, aes, clmul, bmi1, bmi2, fma, vzeroupper, clflush, rdtscp, f16c
Processor Information for all 4 processors :
  Max Mhz: 1800, Current Mhz: 1800, Mhz Limit: 1800

Memory: 4k page, system-wide physical 11690M (1441M free)
TotalPageFile size 42046M (AvailPageFile size 7M)
current process WorkingSet (physical memory assigned to process): 9M, peak: 9M
current process commit charge ("private bytes"): 12M, peak: 13M

vm_info: Java HotSpot(TM) 64-Bit Server VM (21.0.2+13-LTS-58) for windows-amd64 JRE (21.0.2+13-LTS-58), built on 2024-01-05T18:32:24Z by "mach5one" with MS VC++ 17.1 (VS2022)

END.
