#
# There is insufficient memory for the Java Runtime Environment to continue.
# Native memory allocation (mmap) failed to map 65536 bytes for Failed to commit metaspace.
# Possible reasons:
#   The system is out of physical RAM or swap space
#   The process is running with CompressedOops enabled, and the Java Heap may be blocking the growth of the native heap
# Possible solutions:
#   Reduce memory load on the system
#   Increase physical memory or swap space
#   Check if swap backing store is full
#   Decrease Java heap size (-Xmx/-Xms)
#   Decrease number of Java threads
#   Decrease Java thread stack sizes (-Xss)
#   Set larger code cache with -XX:ReservedCodeCacheSize=
#   JVM is running with Zero Based Compressed Oops mode in which the Java heap is
#     placed in the first 32GB address space. The Java Heap base address is the
#     maximum limit for the native heap growth. Please use -XX:HeapBaseMinAddress
#     to set the Java Heap base and to place the Java Heap above 32GB virtual address.
# This output file may be truncated or incomplete.
#
#  Out of Memory Error (virtualSpaceNode.cpp:112), pid=22512, tid=30416
#
# JRE version: Java(TM) SE Runtime Environment (21.0.2+13) (build 21.0.2+13-LTS-58)
# Java VM: Java HotSpot(TM) 64-Bit Server VM (21.0.2+13-LTS-58, mixed mode, sharing, tiered, compressed oops, compressed class ptrs, g1 gc, windows-amd64)
# No core dump will be written. Minidumps are not enabled by default on client versions of Windows
#

---------------  S U M M A R Y ------------

Command Line: -Dfile.encoding=UTF-8 --module-path=D:\college projects\secound year\java-prog\JavaApplication3\build\classes login

Host: AMD PRO A10-8700B R6, 10 Compute Cores 4C+6G   , 4 cores, 11G,  Windows 10 , 64 bit Build 19041 (10.0.19041.3636)
Time: Thu May  2 01:10:59 2024 Egypt Daylight Time elapsed time: 0.753140 seconds (0d 0h 0m 0s)

---------------  T H R E A D  ---------------

Current thread (0x0000028b14b57d70):  JavaThread "main"             [_thread_in_vm, id=30416, stack(0x000000f380200000,0x000000f380300000) (1024K)]

Stack: [0x000000f380200000,0x000000f380300000]
Native frames: (J=compiled Java code, j=interpreted, Vv=VM code, C=native code)
V  [jvm.dll+0x6cade9]
V  [jvm.dll+0x8569c1]
V  [jvm.dll+0x858d2e]
V  [jvm.dll+0x859413]
V  [jvm.dll+0x280e56]
V  [jvm.dll+0x8526ee]
V  [jvm.dll+0x66e705]
V  [jvm.dll+0x66e76a]
V  [jvm.dll+0x670f96]
V  [jvm.dll+0x670e62]
V  [jvm.dll+0x66f0de]
V  [jvm.dll+0x27dd76]
V  [jvm.dll+0x720355]
V  [jvm.dll+0x720e9f]
V  [jvm.dll+0x3c2e8f]
V  [jvm.dll+0x47ab99]
C  0x0000028b266cce0b

The last pc belongs to native method entry point (kind = native) (printed below).
Java frames: (J=compiled Java code, j=interpreted, Vv=VM code)
j  java.lang.Class.getDeclaredFields0(Z)[Ljava/lang/reflect/Field;+0 java.base@21.0.2
j  java.lang.Class.privateGetDeclaredFields(Z)[Ljava/lang/reflect/Field;+34 java.base@21.0.2
j  java.lang.Class.getField0(Ljava/lang/String;)Ljava/lang/reflect/Field;+2 java.base@21.0.2
j  java.lang.Class.getField(Ljava/lang/String;)Ljava/lang/reflect/Field;+25 java.base@21.0.2
j  java.awt.AWTKeyStroke.getVKValue(Ljava/lang/String;)I+23 java.desktop@21.0.2
j  java.awt.AWTKeyStroke.getAWTKeyStroke(Ljava/lang/String;)Ljava/awt/AWTKeyStroke;+339 java.desktop@21.0.2
j  javax.swing.KeyStroke.getKeyStroke(Ljava/lang/String;)Ljavax/swing/KeyStroke;+19 java.desktop@21.0.2
j  javax.swing.LookAndFeel.loadKeyBindings(Ljavax/swing/InputMap;[Ljava/lang/Object;)V+43 java.desktop@21.0.2
j  javax.swing.LookAndFeel.makeInputMap([Ljava/lang/Object;)Ljavax/swing/InputMap;+10 java.desktop@21.0.2
j  javax.swing.UIDefaults$LazyInputMap.createValue(Ljavax/swing/UIDefaults;)Ljava/lang/Object;+11 java.desktop@21.0.2
j  javax.swing.UIDefaults.getFromHashtable(Ljava/lang/Object;)Ljava/lang/Object;+126 java.desktop@21.0.2
j  javax.swing.UIDefaults.get(Ljava/lang/Object;Ljava/util/Locale;)Ljava/lang/Object;+2 java.desktop@21.0.2
j  javax.swing.MultiUIDefaults.get(Ljava/lang/Object;Ljava/util/Locale;)Ljava/lang/Object;+50 java.desktop@21.0.2
j  javax.swing.UIManager.get(Ljava/lang/Object;Ljava/util/Locale;)Ljava/lang/Object;+5 java.desktop@21.0.2
j  sun.swing.DefaultLookup.get(Ljavax/swing/JComponent;Ljavax/swing/plaf/ComponentUI;Ljava/lang/String;)Ljava/lang/Object;+33 java.desktop@21.0.2
j  javax.swing.plaf.basic.BasicRootPaneUI.getInputMap(ILjavax/swing/JComponent;)Ljavax/swing/InputMap;+9 java.desktop@21.0.2
j  javax.swing.plaf.basic.BasicRootPaneUI.installKeyboardActions(Ljavax/swing/JRootPane;)V+16 java.desktop@21.0.2
j  javax.swing.plaf.basic.BasicRootPaneUI.installUI(Ljavax/swing/JComponent;)V+29 java.desktop@21.0.2
j  javax.swing.plaf.metal.MetalRootPaneUI.installUI(Ljavax/swing/JComponent;)V+2 java.desktop@21.0.2
j  javax.swing.JComponent.setUI(Ljavax/swing/plaf/ComponentUI;)V+52 java.desktop@21.0.2
j  javax.swing.JRootPane.setUI(Ljavax/swing/plaf/RootPaneUI;)V+2 java.desktop@21.0.2
j  javax.swing.JRootPane.updateUI()V+8 java.desktop@21.0.2
j  javax.swing.JRootPane.<init>()V+47 java.desktop@21.0.2
j  javax.swing.JFrame.createRootPane()Ljavax/swing/JRootPane;+4 java.desktop@21.0.2
j  javax.swing.JFrame.frameInit()V+16 java.desktop@21.0.2
j  javax.swing.JFrame.<init>()V+20 java.desktop@21.0.2
j  login.<init>()V+1
j  login.main([Ljava/lang/String;)V+4
v  ~StubRoutines::call_stub 0x0000028b266c100d
native method entry point (kind = native)  [0x0000028b266cc9e0, 0x0000028b266cd508]  2856 bytes
[MachCode]
  0x0000028b266cc9e0: 488b 4b08 | 0fb7 492e | 584c 8d74 | ccf8 6800 | 0000 0068 | 0000 0000 | 5055 488b | ec41 5568 
  0x0000028b266cca00: 0000 0000 | 4c8b 6b08 | 4d8d 6d38 | 5348 8b53 | 0848 8b52 | 0848 8b52 | 1848 8b52 | 7048 8b12 
  0x0000028b266cca20: 5248 8b53 | 1048 85d2 | 0f84 0700 | 0000 4881 | c208 0100 | 0052 488b | 5308 488b | 5208 488b 
  0x0000028b266cca40: 5210 5249 | 8bc6 482b | c548 c1e8 | 0350 6800 | 0000 0068 | 0000 0000 | 4889 2424 | 41c6 8779 
  0x0000028b266cca60: 0400 0001 | 488b 4310 | 4885 c074 | 208b 88cc | 0000 0083 | c102 8988 | cc00 0000 | 2388 e000 
  0x0000028b266cca80: 0000 0f84 | cb09 0000 | e9cf 0000 | 0048 8b43 | 1848 85c0 | 0f85 b000 | 0000 e805 | 0000 00e9 
  0x0000028b266ccaa0: 9900 0000 | 488b d348 | 8d44 2408 | 4c89 6dc0 | 498b cfc5 | f877 4989 | afa8 0300 | 0049 8987 
  0x0000028b266ccac0: 9803 0000 | 4883 ec20 | 40f6 c40f | 0f84 1900 | 0000 4883 | ec08 48b8 | 5044 082c | ff7f 0000 
  0x0000028b266ccae0: ffd0 4883 | c408 e90c | 0000 0048 | b850 4408 | 2cff 7f00 | 00ff d048 | 83c4 2049 | c787 9803 
  0x0000028b266ccb00: 0000 0000 | 0000 49c7 | 87a8 0300 | 0000 0000 | 0049 c787 | a003 0000 | 0000 0000 | c5f8 7749 
  0x0000028b266ccb20: 837f 0800 | 0f84 0500 | 0000 e9d1 | 43ff ff4c | 8b6d c04c | 8b75 c84e | 8d74 f500 | c348 8b43 
  0x0000028b266ccb40: 1848 85c0 | 0f84 1200 | 0000 8b48 | 0883 c102 | 8948 0823 | 481c 0f84 | f708 0000 | 493b a7e8 
  0x0000028b266ccb60: 0400 000f | 8748 0000 | 0089 8424 | 00f0 ffff | 8984 2400 | e0ff ff89 | 8424 00d0 | ffff 8984 
  0x0000028b266ccb80: 2400 c0ff | ff89 8424 | 00b0 ffff | 8984 2400 | a0ff ff89 | 8424 0090 | ffff 8984 | 2400 80ff 
  0x0000028b266ccba0: ff49 3ba7 | e004 0000 | 7607 4989 | a7e8 0400 | 0041 c687 | 7904 0000 | 0049 baf9 | 458d 2cff 
  0x0000028b266ccbc0: 7f00 0041 | 803a 000f | 843e 0000 | 0048 8b55 | e849 8bcf | 4883 ec20 | 40f6 c40f | 0f84 1900 
  0x0000028b266ccbe0: 0000 4883 | ec08 48b8 | 4009 3e2c | ff7f 0000 | ffd0 4883 | c408 e90c | 0000 0048 | b840 093e 
  0x0000028b266ccc00: 2cff 7f00 | 00ff d048 | 83c4 2048 | 8b5d e84c | 8b5b 0845 | 0fb7 5b2e | 41c1 e303 | 492b e348 
  0x0000028b266ccc20: 83ec 2048 | 83e4 f04c | 8b5b 604d | 85db 0f85 | ab00 0000 | e805 0000 | 00e9 9900 | 0000 488b 
  0x0000028b266ccc40: d348 8d44 | 2408 4c89 | 6dc0 498b | cfc5 f877 | 4989 afa8 | 0300 0049 | 8987 9803 | 0000 4883 
  0x0000028b266ccc60: ec20 40f6 | c40f 0f84 | 1900 0000 | 4883 ec08 | 48b8 106b | 082c ff7f | 0000 ffd0 | 4883 c408 
  0x0000028b266ccc80: e90c 0000 | 0048 b810 | 6b08 2cff | 7f00 00ff | d048 83c4 | 2049 c787 | 9803 0000 | 0000 0000 
  0x0000028b266ccca0: 49c7 87a8 | 0300 0000 | 0000 0049 | c787 a003 | 0000 0000 | 0000 c5f8 | 7749 837f | 0800 0f84 
  0x0000028b266cccc0: 0500 0000 | e937 42ff | ff4c 8b6d | c04c 8b75 | c84e 8d74 | f500 c348 | 8b5d e84c | 8b5b 6041 
  0x0000028b266ccce0: ffd3 488b | 5de8 4889 | 4518 448b | 5b28 41f6 | c308 0f84 | 1b00 0000 | 4c8b 5b08 | 4d8b 5b08 
  0x0000028b266ccd00: 4d8b 5b18 | 4d8b 5b70 | 4d8b 1b4c | 895d 1048 | 8d55 1048 | 8b43 5849 | ba80 5e3e | 2cff 7f00 
  0x0000028b266ccd20: 0049 3bc2 | 0f85 ab00 | 0000 e805 | 0000 00e9 | 9900 0000 | 488b d348 | 8d44 2408 | 4c89 6dc0 
  0x0000028b266ccd40: 498b cfc5 | f877 4989 | afa8 0300 | 0049 8987 | 9803 0000 | 4883 ec20 | 40f6 c40f | 0f84 1900 
  0x0000028b266ccd60: 0000 4883 | ec08 48b8 | 106b 082c | ff7f 0000 | ffd0 4883 | c408 e90c | 0000 0048 | b810 6b08 
  0x0000028b266ccd80: 2cff 7f00 | 00ff d048 | 83c4 2049 | c787 9803 | 0000 0000 | 0000 49c7 | 87a8 0300 | 0000 0000 
  0x0000028b266ccda0: 0049 c787 | a003 0000 | 0000 0000 | c5f8 7749 | 837f 0800 | 0f84 0500 | 0000 e941 | 41ff ff4c 
  0x0000028b266ccdc0: 8b6d c04c | 8b75 c84e | 8d74 f500 | c348 8b5d | e848 8b43 | 5849 8d8f | b803 0000 | c5f8 7749 
  0x0000028b266ccde0: 89af a803 | 0000 49ba | dccd 6c26 | 8b02 0000 | 4d89 97a0 | 0300 0049 | 89a7 9803 | 0000 41c7 
  0x0000028b266cce00: 874c 0400 | 0004 0000 | 00ff d0c5 | f877 4883 | ec10 c5fb | 1104 2448 | 83ec 1048 | 8904 2448 
  0x0000028b266cce20: c744 2408 | 0000 0000 | 41c7 874c | 0400 0005 | 0000 00f0 | 8344 24c0 | 0049 3baf | 5004 0000 
  0x0000028b266cce40: 0f87 0e00 | 0000 4183 | bf48 0400 | 0000 0f84 | 2000 0000 | 498b cf4c | 8be4 4883 | ec20 4883 
  0x0000028b266cce60: e4f0 48b8 | d0c3 092c | ff7f 0000 | ffd0 498b | e44d 33e4 | 41c7 874c | 0400 0008 | 0000 0049 
  0x0000028b266cce80: c787 9803 | 0000 0000 | 0000 49c7 | 87a8 0300 | 0000 0000 | 0049 c787 | a003 0000 | 0000 0000 
  0x0000028b266ccea0: c5f8 774d | 8b9f 2804 | 0000 41c7 | 8300 0100 | 0000 0000 | 0049 bb9a | a36c 268b | 0200 004c 
  0x0000028b266ccec0: 3b5d 180f | 8524 0200 | 0048 8b04 | 2448 83c4 | 1048 85c0 | 0f84 fe01 | 0000 a803 | 0f85 0800 
  0x0000028b266ccee0: 0000 488b | 00e9 ee01 | 0000 a801 | 0f85 0900 | 0000 488b | 40fe e9dd | 0100 0048 | 8b40 ff41 
  0x0000028b266ccf00: 807f 4000 | 0f84 ce01 | 0000 4883 | f800 0f84 | c401 0000 | 4d8b 5f28 | 4983 fb00 | 0f84 1400 
  0x0000028b266ccf20: 0000 4983 | eb08 4d89 | 5f28 4d03 | 5f38 4989 | 03e9 a201 | 0000 4881 | ecd0 0000 | 0048 8904 
  0x0000028b266ccf40: 2448 894c | 2408 4889 | 5424 1048 | 8974 2418 | 4889 7c24 | 204c 8944 | 2428 4c89 | 4c24 304c 
  0x0000028b266ccf60: 8954 2438 | 4c89 5c24 | 40c5 fb11 | 4424 50c5 | fb11 4c24 | 58c5 fb11 | 5424 60c5 | fb11 5c24 
  0x0000028b266ccf80: 68c5 fb11 | 6424 70c5 | fb11 6c24 | 78c5 fb11 | b424 8000 | 0000 c5fb | 11bc 2488 | 0000 00c5 
  0x0000028b266ccfa0: 7b11 8424 | 9000 0000 | c57b 118c | 2498 0000 | 00c5 7b11 | 9424 a000 | 0000 c57b | 119c 24a8 
  0x0000028b266ccfc0: 0000 00c5 | 7b11 a424 | b000 0000 | c57b 11ac | 24b8 0000 | 00c5 7b11 | b424 c000 | 0000 c57b 
  0x0000028b266ccfe0: 11bc 24c8 | 0000 0049 | 8bd7 488b | c848 83ec | 2040 f6c4 | 0f0f 8419 | 0000 0048 | 83ec 0848 
  0x0000028b266cd000: b890 26fd | 2bff 7f00 | 00ff d048 | 83c4 08e9 | 0c00 0000 | 48b8 9026 | fd2b ff7f | 0000 ffd0 
  0x0000028b266cd020: 4883 c420 | c57b 10bc | 24c8 0000 | 00c5 7b10 | b424 c000 | 0000 c57b | 10ac 24b8 | 0000 00c5 
  0x0000028b266cd040: 7b10 a424 | b000 0000 | c57b 109c | 24a8 0000 | 00c5 7b10 | 9424 a000 | 0000 c57b | 108c 2498 
  0x0000028b266cd060: 0000 00c5 | 7b10 8424 | 9000 0000 | c5fb 10bc | 2488 0000 | 00c5 fb10 | b424 8000 | 0000 c5fb 
  0x0000028b266cd080: 106c 2478 | c5fb 1064 | 2470 c5fb | 105c 2468 | c5fb 1054 | 2460 c5fb | 104c 2458 | c5fb 1044 
  0x0000028b266cd0a0: 2450 4c8b | 5c24 404c | 8b54 2438 | 4c8b 4c24 | 304c 8b44 | 2428 488b | 7c24 2048 | 8b74 2418 
  0x0000028b266cd0c0: 488b 5424 | 1048 8b4c | 2408 488b | 0424 4881 | c4d0 0000 | 00c5 f877 | 4889 4510 | 4883 ec10 
  0x0000028b266cd0e0: 4889 0424 | 48c7 4424 | 0800 0000 | 0041 83bf | c804 0000 | 020f 85bf | 0000 0048 | 81ec 8000 
  0x0000028b266cd100: 0000 4889 | 4424 7848 | 894c 2470 | 4889 5424 | 6848 895c | 2460 4889 | 6c24 5048 | 8974 2448 
  0x0000028b266cd120: 4889 7c24 | 404c 8944 | 2438 4c89 | 4c24 304c | 8954 2428 | 4c89 5c24 | 204c 8964 | 2418 4c89 
  0x0000028b266cd140: 6c24 104c | 8974 2408 | 4c89 3c24 | 4c8b e448 | 83ec 2048 | 83e4 f048 | b870 413e | 2cff 7f00 
  0x0000028b266cd160: 00ff d049 | 8be4 4c8b | 3c24 4c8b | 7424 084c | 8b6c 2410 | 4c8b 6424 | 184c 8b5c | 2420 4c8b 
  0x0000028b266cd180: 5424 284c | 8b4c 2430 | 4c8b 4424 | 3848 8b7c | 2440 488b | 7424 4848 | 8b6c 2450 | 488b 5c24 
  0x0000028b266cd1a0: 6048 8b54 | 2468 488b | 4c24 7048 | 8b44 2478 | 4881 c480 | 0000 004d | 33e4 488b | 5de8 4c8b 
  0x0000028b266cd1c0: 6b08 4d8d | 6d38 4983 | 7f08 000f | 84bb 0000 | 00e8 0500 | 0000 e996 | 0000 0048 | 8d44 2408 
  0x0000028b266cd1e0: 4c89 6dc0 | 498b cfc5 | f877 4989 | afa8 0300 | 0049 8987 | 9803 0000 | 4883 ec20 | 40f6 c40f 
  0x0000028b266cd200: 0f84 1900 | 0000 4883 | ec08 48b8 | a088 082c | ff7f 0000 | ffd0 4883 | c408 e90c | 0000 0048 
  0x0000028b266cd220: b8a0 8808 | 2cff 7f00 | 00ff d048 | 83c4 2049 | c787 9803 | 0000 0000 | 0000 49c7 | 87a8 0300 
  0x0000028b266cd240: 0000 0000 | 0049 c787 | a003 0000 | 0000 0000 | c5f8 7749 | 837f 0800 | 0f84 0500 | 0000 e99d 
  0x0000028b266cd260: 3cff ff4c | 8b6d c04c | 8b75 c84e | 8d74 f500 | c348 b900 | 4865 2cff | 7f00 0048 | 83e4 f048 
  0x0000028b266cd280: b840 242d | 2cff 7f00 | 00ff d0f4 | 448b 5b28 | 41f6 c320 | 0f84 4401 | 0000 488d | 55a8 4c8b 
  0x0000028b266cd2a0: 5a08 4d85 | db0f 85bb | 0000 00e8 | 0500 0000 | e996 0000 | 0048 8d44 | 2408 4c89 | 6dc0 498b 
  0x0000028b266cd2c0: cfc5 f877 | 4989 afa8 | 0300 0049 | 8987 9803 | 0000 4883 | ec20 40f6 | c40f 0f84 | 1900 0000 
  0x0000028b266cd2e0: 4883 ec08 | 48b8 d087 | 082c ff7f | 0000 ffd0 | 4883 c408 | e90c 0000 | 0048 b8d0 | 8708 2cff 
  0x0000028b266cd300: 7f00 00ff | d048 83c4 | 2049 c787 | 9803 0000 | 0000 0000 | 49c7 87a8 | 0300 0000 | 0000 0049 
  0x0000028b266cd320: c787 a003 | 0000 0000 | 0000 c5f8 | 7749 837f | 0800 0f84 | 0500 0000 | e9c3 3bff | ff4c 8b6d 
  0x0000028b266cd340: c04c 8b75 | c84e 8d74 | f500 c348 | b900 4865 | 2cff 7f00 | 0048 83e4 | f048 b840 | 242d 2cff 
  0x0000028b266cd360: 7f00 00ff | d0f4 4c89 | 6dc0 488d | 024c 8b4a | 0848 c742 | 0800 0000 | 004c 8b00 | 4d85 c00f 
  0x0000028b266cd380: 840b 0000 | 00f0 4d0f | b101 0f85 | 0c00 0000 | 49ff 8f50 | 0500 00e9 | 3e00 0000 | 4c89 4a08 
  0x0000028b266cd3a0: 488b ca48 | 83ec 2040 | f6c4 0f0f | 8419 0000 | 0048 83ec | 0848 b800 | 5b08 2cff | 7f00 00ff 
  0x0000028b266cd3c0: d048 83c4 | 08e9 0c00 | 0000 48b8 | 005b 082c | ff7f 0000 | ffd0 4883 | c420 4c8b | 6dc0 49ba 
  0x0000028b266cd3e0: f945 8d2c | ff7f 0000 | 4180 3a00 | 0f84 3e00 | 0000 488b | 55e8 498b | cf48 83ec | 2040 f6c4 
  0x0000028b266cd400: 0f0f 8419 | 0000 0048 | 83ec 0848 | b840 093e | 2cff 7f00 | 00ff d048 | 83c4 08e9 | 0c00 0000 
  0x0000028b266cd420: 48b8 4009 | 3e2c ff7f | 0000 ffd0 | 4883 c420 | 488b 0424 | 4883 c410 | c5fb 1004 | 2448 83c4 
  0x0000028b266cd440: 104c 8b5d | 1841 ffd3 | 4c8b 5df8 | c95f 498b | e3ff e7ba | 0000 0000 | e805 0000 | 00e9 9600 
  0x0000028b266cd460: 0000 488d | 4424 084c | 896d c049 | 8bcf c5f8 | 7749 89af | a803 0000 | 4989 8798 | 0300 0048 
  0x0000028b266cd480: 83ec 2040 | f6c4 0f0f | 8419 0000 | 0048 83ec | 0848 b8d0 | 4e08 2cff | 7f00 00ff | d048 83c4 
  0x0000028b266cd4a0: 08e9 0c00 | 0000 48b8 | d04e 082c | ff7f 0000 | ffd0 4883 | c420 49c7 | 8798 0300 | 0000 0000 
  0x0000028b266cd4c0: 0049 c787 | a803 0000 | 0000 0000 | 49c7 87a0 | 0300 0000 | 0000 00c5 | f877 4983 | 7f08 000f 
  0x0000028b266cd4e0: 8405 0000 | 00e9 163a | ffff 4c8b | 6dc0 4c8b | 75c8 4e8d | 74f5 00c3 | 488b 5de8 | e95b f6ff 
  0x0000028b266cd500: ff0f 1f80 | 0000 0000 
[/MachCode]

---------------  P R O C E S S  ---------------

Threads class SMR info:
_java_thread_list=0x0000028b79278b70, length=14, elements={
0x0000028b14b57d70, 0x0000028b33f47c00, 0x0000028b33f48b20, 0x0000028b33f4c910,
0x0000028b33f4d570, 0x0000028b33f4dfd0, 0x0000028b33f4ea30, 0x0000028b33f53f90,
0x0000028b33f57f30, 0x0000028b79151060, 0x0000028b791c58e0, 0x0000028b79392b20,
0x0000028b79395c50, 0x0000028b79399260
}

Java Threads: ( => current thread )
=>0x0000028b14b57d70 JavaThread "main"                              [_thread_in_vm, id=30416, stack(0x000000f380200000,0x000000f380300000) (1024K)]
  0x0000028b33f47c00 JavaThread "Reference Handler"          daemon [_thread_blocked, id=30036, stack(0x000000f380a00000,0x000000f380b00000) (1024K)]
  0x0000028b33f48b20 JavaThread "Finalizer"                  daemon [_thread_blocked, id=30084, stack(0x000000f380b00000,0x000000f380c00000) (1024K)]
  0x0000028b33f4c910 JavaThread "Signal Dispatcher"          daemon [_thread_blocked, id=29460, stack(0x000000f380c00000,0x000000f380d00000) (1024K)]
  0x0000028b33f4d570 JavaThread "Attach Listener"            daemon [_thread_blocked, id=20448, stack(0x000000f380d00000,0x000000f380e00000) (1024K)]
  0x0000028b33f4dfd0 JavaThread "Service Thread"             daemon [_thread_blocked, id=28876, stack(0x000000f380e00000,0x000000f380f00000) (1024K)]
  0x0000028b33f4ea30 JavaThread "Monitor Deflation Thread"   daemon [_thread_blocked, id=21440, stack(0x000000f380f00000,0x000000f381000000) (1024K)]
  0x0000028b33f53f90 JavaThread "C2 CompilerThread0"         daemon [_thread_blocked, id=20024, stack(0x000000f381000000,0x000000f381100000) (1024K)]
  0x0000028b33f57f30 JavaThread "C1 CompilerThread0"         daemon [_thread_blocked, id=30316, stack(0x000000f381100000,0x000000f381200000) (1024K)]
  0x0000028b79151060 JavaThread "Common-Cleaner"             daemon [_thread_blocked, id=26636, stack(0x000000f381200000,0x000000f381300000) (1024K)]
  0x0000028b791c58e0 JavaThread "Notification Thread"        daemon [_thread_blocked, id=27040, stack(0x000000f381300000,0x000000f381400000) (1024K)]
  0x0000028b79392b20 JavaThread "Java2D Disposer"            daemon [_thread_blocked, id=27636, stack(0x000000f381400000,0x000000f381500000) (1024K)]
  0x0000028b79395c50 JavaThread "AWT-Shutdown"                      [_thread_blocked, id=16892, stack(0x000000f381500000,0x000000f381600000) (1024K)]
  0x0000028b79399260 JavaThread "AWT-Windows"                daemon [_thread_in_native, id=27628, stack(0x000000f381600000,0x000000f381700000) (1024K)]
Total: 14

Other Threads:
  0x0000028b33f29430 VMThread "VM Thread"                           [id=30164, stack(0x000000f380900000,0x000000f380a00000) (1024K)]
  0x0000028b16dee890 WatcherThread "VM Periodic Task Thread"        [id=13688, stack(0x000000f380800000,0x000000f380900000) (1024K)]
  0x0000028b16d68310 WorkerThread "GC Thread#0"                     [id=23236, stack(0x000000f380300000,0x000000f380400000) (1024K)]
  0x0000028b16d749b0 ConcurrentGCThread "G1 Main Marker"            [id=29692, stack(0x000000f380400000,0x000000f380500000) (1024K)]
  0x0000028b16d75e70 WorkerThread "G1 Conc#0"                       [id=27908, stack(0x000000f380500000,0x000000f380600000) (1024K)]
  0x0000028b16de06d0 ConcurrentGCThread "G1 Refine#0"               [id=26288, stack(0x000000f380600000,0x000000f380700000) (1024K)]
  0x0000028b16de1240 ConcurrentGCThread "G1 Service"                [id=29200, stack(0x000000f380700000,0x000000f380800000) (1024K)]
Total: 7

Threads with active compile tasks:
Total: 0

VM state: not at safepoint (normal execution)

VM Mutex/Monitor currently owned by a thread:  ([mutex/lock_event])
[0x00007fff2c8eace8] Metaspace_lock - owner thread: 0x0000028b14b57d70

Heap address: 0x0000000749400000, size: 2924 MB, Compressed Oops mode: Zero based, Oop shift amount: 3

CDS archive(s) mapped at: [0x0000028b34000000-0x0000028b34c90000-0x0000028b34c90000), size 13172736, SharedBaseAddress: 0x0000028b34000000, ArchiveRelocationMode: 1.
Compressed class space mapped at: 0x0000028b35000000-0x0000028b75000000, reserved size: 1073741824
Narrow klass base: 0x0000028b34000000, Narrow klass shift: 0, Narrow klass range: 0x100000000

GC Precious Log:
 CardTable entry size: 512
 Card Set container configuration: InlinePtr #cards 4 size 8 Array Of Cards #cards 16 size 48 Howl #buckets 8 coarsen threshold 3686 Howl Bitmap #cards 512 size 80 coarsen threshold 460 Card regions per heap region 1 cards per card region 4096
 CPUs: 4 total, 4 available
 Memory: 11690M
 Large Page Support: Disabled
 NUMA Support: Disabled
 Compressed Oops: Enabled (Zero based)
 Heap Region Size: 2M
 Heap Min Capacity: 8M
 Heap Initial Capacity: 184M
 Heap Max Capacity: 2924M
 Pre-touch: Disabled
 Parallel Workers: 4
 Concurrent Workers: 1
 Concurrent Refinement Workers: 4
 Periodic GC: Disabled

Heap:
 garbage-first heap   total 188416K, used 4096K [0x0000000749400000, 0x0000000800000000)
  region size 2048K, 3 young (6144K), 0 survivors (0K)
 Metaspace       used 4305K, committed 4416K, reserved 1114112K
  class space    used 460K, committed 512K, reserved 1048576K

Heap Regions: E=young(eden), S=young(survivor), O=old, HS=humongous(starts), HC=humongous(continues), CS=collection set, F=free, TAMS=top-at-mark-start, PB=parsable bottom
|   0|0x0000000749400000, 0x0000000749400000, 0x0000000749600000|  0%| F|  |TAMS 0x0000000749400000| PB 0x0000000749400000| Untracked 
|   1|0x0000000749600000, 0x0000000749600000, 0x0000000749800000|  0%| F|  |TAMS 0x0000000749600000| PB 0x0000000749600000| Untracked 
|   2|0x0000000749800000, 0x0000000749800000, 0x0000000749a00000|  0%| F|  |TAMS 0x0000000749800000| PB 0x0000000749800000| Untracked 
|   3|0x0000000749a00000, 0x0000000749a00000, 0x0000000749c00000|  0%| F|  |TAMS 0x0000000749a00000| PB 0x0000000749a00000| Untracked 
|   4|0x0000000749c00000, 0x0000000749c00000, 0x0000000749e00000|  0%| F|  |TAMS 0x0000000749c00000| PB 0x0000000749c00000| Untracked 
|   5|0x0000000749e00000, 0x0000000749e00000, 0x000000074a000000|  0%| F|  |TAMS 0x0000000749e00000| PB 0x0000000749e00000| Untracked 
|   6|0x000000074a000000, 0x000000074a000000, 0x000000074a200000|  0%| F|  |TAMS 0x000000074a000000| PB 0x000000074a000000| Untracked 
|   7|0x000000074a200000, 0x000000074a200000, 0x000000074a400000|  0%| F|  |TAMS 0x000000074a200000| PB 0x000000074a200000| Untracked 
|   8|0x000000074a400000, 0x000000074a400000, 0x000000074a600000|  0%| F|  |TAMS 0x000000074a400000| PB 0x000000074a400000| Untracked 
|   9|0x000000074a600000, 0x000000074a600000, 0x000000074a800000|  0%| F|  |TAMS 0x000000074a600000| PB 0x000000074a600000| Untracked 
|  10|0x000000074a800000, 0x000000074a800000, 0x000000074aa00000|  0%| F|  |TAMS 0x000000074a800000| PB 0x000000074a800000| Untracked 
|  11|0x000000074aa00000, 0x000000074aa00000, 0x000000074ac00000|  0%| F|  |TAMS 0x000000074aa00000| PB 0x000000074aa00000| Untracked 
|  12|0x000000074ac00000, 0x000000074ac00000, 0x000000074ae00000|  0%| F|  |TAMS 0x000000074ac00000| PB 0x000000074ac00000| Untracked 
|  13|0x000000074ae00000, 0x000000074ae00000, 0x000000074b000000|  0%| F|  |TAMS 0x000000074ae00000| PB 0x000000074ae00000| Untracked 
|  14|0x000000074b000000, 0x000000074b000000, 0x000000074b200000|  0%| F|  |TAMS 0x000000074b000000| PB 0x000000074b000000| Untracked 
|  15|0x000000074b200000, 0x000000074b200000, 0x000000074b400000|  0%| F|  |TAMS 0x000000074b200000| PB 0x000000074b200000| Untracked 
|  16|0x000000074b400000, 0x000000074b400000, 0x000000074b600000|  0%| F|  |TAMS 0x000000074b400000| PB 0x000000074b400000| Untracked 
|  17|0x000000074b600000, 0x000000074b600000, 0x000000074b800000|  0%| F|  |TAMS 0x000000074b600000| PB 0x000000074b600000| Untracked 
|  18|0x000000074b800000, 0x000000074b800000, 0x000000074ba00000|  0%| F|  |TAMS 0x000000074b800000| PB 0x000000074b800000| Untracked 
|  19|0x000000074ba00000, 0x000000074ba00000, 0x000000074bc00000|  0%| F|  |TAMS 0x000000074ba00000| PB 0x000000074ba00000| Untracked 
|  20|0x000000074bc00000, 0x000000074bc00000, 0x000000074be00000|  0%| F|  |TAMS 0x000000074bc00000| PB 0x000000074bc00000| Untracked 
|  21|0x000000074be00000, 0x000000074be00000, 0x000000074c000000|  0%| F|  |TAMS 0x000000074be00000| PB 0x000000074be00000| Untracked 
|  22|0x000000074c000000, 0x000000074c000000, 0x000000074c200000|  0%| F|  |TAMS 0x000000074c000000| PB 0x000000074c000000| Untracked 
|  23|0x000000074c200000, 0x000000074c200000, 0x000000074c400000|  0%| F|  |TAMS 0x000000074c200000| PB 0x000000074c200000| Untracked 
|  24|0x000000074c400000, 0x000000074c400000, 0x000000074c600000|  0%| F|  |TAMS 0x000000074c400000| PB 0x000000074c400000| Untracked 
|  25|0x000000074c600000, 0x000000074c600000, 0x000000074c800000|  0%| F|  |TAMS 0x000000074c600000| PB 0x000000074c600000| Untracked 
|  26|0x000000074c800000, 0x000000074c800000, 0x000000074ca00000|  0%| F|  |TAMS 0x000000074c800000| PB 0x000000074c800000| Untracked 
|  27|0x000000074ca00000, 0x000000074ca00000, 0x000000074cc00000|  0%| F|  |TAMS 0x000000074ca00000| PB 0x000000074ca00000| Untracked 
|  28|0x000000074cc00000, 0x000000074cc00000, 0x000000074ce00000|  0%| F|  |TAMS 0x000000074cc00000| PB 0x000000074cc00000| Untracked 
|  29|0x000000074ce00000, 0x000000074ce00000, 0x000000074d000000|  0%| F|  |TAMS 0x000000074ce00000| PB 0x000000074ce00000| Untracked 
|  30|0x000000074d000000, 0x000000074d000000, 0x000000074d200000|  0%| F|  |TAMS 0x000000074d000000| PB 0x000000074d000000| Untracked 
|  31|0x000000074d200000, 0x000000074d200000, 0x000000074d400000|  0%| F|  |TAMS 0x000000074d200000| PB 0x000000074d200000| Untracked 
|  32|0x000000074d400000, 0x000000074d400000, 0x000000074d600000|  0%| F|  |TAMS 0x000000074d400000| PB 0x000000074d400000| Untracked 
|  33|0x000000074d600000, 0x000000074d600000, 0x000000074d800000|  0%| F|  |TAMS 0x000000074d600000| PB 0x000000074d600000| Untracked 
|  34|0x000000074d800000, 0x000000074d800000, 0x000000074da00000|  0%| F|  |TAMS 0x000000074d800000| PB 0x000000074d800000| Untracked 
|  35|0x000000074da00000, 0x000000074da00000, 0x000000074dc00000|  0%| F|  |TAMS 0x000000074da00000| PB 0x000000074da00000| Untracked 
|  36|0x000000074dc00000, 0x000000074dc00000, 0x000000074de00000|  0%| F|  |TAMS 0x000000074dc00000| PB 0x000000074dc00000| Untracked 
|  37|0x000000074de00000, 0x000000074de00000, 0x000000074e000000|  0%| F|  |TAMS 0x000000074de00000| PB 0x000000074de00000| Untracked 
|  38|0x000000074e000000, 0x000000074e000000, 0x000000074e200000|  0%| F|  |TAMS 0x000000074e000000| PB 0x000000074e000000| Untracked 
|  39|0x000000074e200000, 0x000000074e200000, 0x000000074e400000|  0%| F|  |TAMS 0x000000074e200000| PB 0x000000074e200000| Untracked 
|  40|0x000000074e400000, 0x000000074e400000, 0x000000074e600000|  0%| F|  |TAMS 0x000000074e400000| PB 0x000000074e400000| Untracked 
|  41|0x000000074e600000, 0x000000074e600000, 0x000000074e800000|  0%| F|  |TAMS 0x000000074e600000| PB 0x000000074e600000| Untracked 
|  42|0x000000074e800000, 0x000000074e800000, 0x000000074ea00000|  0%| F|  |TAMS 0x000000074e800000| PB 0x000000074e800000| Untracked 
|  43|0x000000074ea00000, 0x000000074ea00000, 0x000000074ec00000|  0%| F|  |TAMS 0x000000074ea00000| PB 0x000000074ea00000| Untracked 
|  44|0x000000074ec00000, 0x000000074ec00000, 0x000000074ee00000|  0%| F|  |TAMS 0x000000074ec00000| PB 0x000000074ec00000| Untracked 
|  45|0x000000074ee00000, 0x000000074ee00000, 0x000000074f000000|  0%| F|  |TAMS 0x000000074ee00000| PB 0x000000074ee00000| Untracked 
|  46|0x000000074f000000, 0x000000074f000000, 0x000000074f200000|  0%| F|  |TAMS 0x000000074f000000| PB 0x000000074f000000| Untracked 
|  47|0x000000074f200000, 0x000000074f200000, 0x000000074f400000|  0%| F|  |TAMS 0x000000074f200000| PB 0x000000074f200000| Untracked 
|  48|0x000000074f400000, 0x000000074f400000, 0x000000074f600000|  0%| F|  |TAMS 0x000000074f400000| PB 0x000000074f400000| Untracked 
|  49|0x000000074f600000, 0x000000074f600000, 0x000000074f800000|  0%| F|  |TAMS 0x000000074f600000| PB 0x000000074f600000| Untracked 
|  50|0x000000074f800000, 0x000000074f800000, 0x000000074fa00000|  0%| F|  |TAMS 0x000000074f800000| PB 0x000000074f800000| Untracked 
|  51|0x000000074fa00000, 0x000000074fa00000, 0x000000074fc00000|  0%| F|  |TAMS 0x000000074fa00000| PB 0x000000074fa00000| Untracked 
|  52|0x000000074fc00000, 0x000000074fc00000, 0x000000074fe00000|  0%| F|  |TAMS 0x000000074fc00000| PB 0x000000074fc00000| Untracked 
|  53|0x000000074fe00000, 0x000000074fe00000, 0x0000000750000000|  0%| F|  |TAMS 0x000000074fe00000| PB 0x000000074fe00000| Untracked 
|  54|0x0000000750000000, 0x0000000750000000, 0x0000000750200000|  0%| F|  |TAMS 0x0000000750000000| PB 0x0000000750000000| Untracked 
|  55|0x0000000750200000, 0x0000000750200000, 0x0000000750400000|  0%| F|  |TAMS 0x0000000750200000| PB 0x0000000750200000| Untracked 
|  56|0x0000000750400000, 0x0000000750400000, 0x0000000750600000|  0%| F|  |TAMS 0x0000000750400000| PB 0x0000000750400000| Untracked 
|  57|0x0000000750600000, 0x0000000750600000, 0x0000000750800000|  0%| F|  |TAMS 0x0000000750600000| PB 0x0000000750600000| Untracked 
|  58|0x0000000750800000, 0x0000000750800000, 0x0000000750a00000|  0%| F|  |TAMS 0x0000000750800000| PB 0x0000000750800000| Untracked 
|  59|0x0000000750a00000, 0x0000000750a00000, 0x0000000750c00000|  0%| F|  |TAMS 0x0000000750a00000| PB 0x0000000750a00000| Untracked 
|  60|0x0000000750c00000, 0x0000000750c00000, 0x0000000750e00000|  0%| F|  |TAMS 0x0000000750c00000| PB 0x0000000750c00000| Untracked 
|  61|0x0000000750e00000, 0x0000000750e00000, 0x0000000751000000|  0%| F|  |TAMS 0x0000000750e00000| PB 0x0000000750e00000| Untracked 
|  62|0x0000000751000000, 0x0000000751000000, 0x0000000751200000|  0%| F|  |TAMS 0x0000000751000000| PB 0x0000000751000000| Untracked 
|  63|0x0000000751200000, 0x0000000751200000, 0x0000000751400000|  0%| F|  |TAMS 0x0000000751200000| PB 0x0000000751200000| Untracked 
|  64|0x0000000751400000, 0x0000000751400000, 0x0000000751600000|  0%| F|  |TAMS 0x0000000751400000| PB 0x0000000751400000| Untracked 
|  65|0x0000000751600000, 0x0000000751600000, 0x0000000751800000|  0%| F|  |TAMS 0x0000000751600000| PB 0x0000000751600000| Untracked 
|  66|0x0000000751800000, 0x0000000751800000, 0x0000000751a00000|  0%| F|  |TAMS 0x0000000751800000| PB 0x0000000751800000| Untracked 
|  67|0x0000000751a00000, 0x0000000751a00000, 0x0000000751c00000|  0%| F|  |TAMS 0x0000000751a00000| PB 0x0000000751a00000| Untracked 
|  68|0x0000000751c00000, 0x0000000751c00000, 0x0000000751e00000|  0%| F|  |TAMS 0x0000000751c00000| PB 0x0000000751c00000| Untracked 
|  69|0x0000000751e00000, 0x0000000751e00000, 0x0000000752000000|  0%| F|  |TAMS 0x0000000751e00000| PB 0x0000000751e00000| Untracked 
|  70|0x0000000752000000, 0x0000000752000000, 0x0000000752200000|  0%| F|  |TAMS 0x0000000752000000| PB 0x0000000752000000| Untracked 
|  71|0x0000000752200000, 0x0000000752200000, 0x0000000752400000|  0%| F|  |TAMS 0x0000000752200000| PB 0x0000000752200000| Untracked 
|  72|0x0000000752400000, 0x0000000752400000, 0x0000000752600000|  0%| F|  |TAMS 0x0000000752400000| PB 0x0000000752400000| Untracked 
|  73|0x0000000752600000, 0x0000000752600000, 0x0000000752800000|  0%| F|  |TAMS 0x0000000752600000| PB 0x0000000752600000| Untracked 
|  74|0x0000000752800000, 0x0000000752800000, 0x0000000752a00000|  0%| F|  |TAMS 0x0000000752800000| PB 0x0000000752800000| Untracked 
|  75|0x0000000752a00000, 0x0000000752a00000, 0x0000000752c00000|  0%| F|  |TAMS 0x0000000752a00000| PB 0x0000000752a00000| Untracked 
|  76|0x0000000752c00000, 0x0000000752c00000, 0x0000000752e00000|  0%| F|  |TAMS 0x0000000752c00000| PB 0x0000000752c00000| Untracked 
|  77|0x0000000752e00000, 0x0000000752e00000, 0x0000000753000000|  0%| F|  |TAMS 0x0000000752e00000| PB 0x0000000752e00000| Untracked 
|  78|0x0000000753000000, 0x0000000753000000, 0x0000000753200000|  0%| F|  |TAMS 0x0000000753000000| PB 0x0000000753000000| Untracked 
|  79|0x0000000753200000, 0x0000000753200000, 0x0000000753400000|  0%| F|  |TAMS 0x0000000753200000| PB 0x0000000753200000| Untracked 
|  80|0x0000000753400000, 0x0000000753400000, 0x0000000753600000|  0%| F|  |TAMS 0x0000000753400000| PB 0x0000000753400000| Untracked 
|  81|0x0000000753600000, 0x0000000753600000, 0x0000000753800000|  0%| F|  |TAMS 0x0000000753600000| PB 0x0000000753600000| Untracked 
|  82|0x0000000753800000, 0x0000000753800000, 0x0000000753a00000|  0%| F|  |TAMS 0x0000000753800000| PB 0x0000000753800000| Untracked 
|  83|0x0000000753a00000, 0x0000000753a00000, 0x0000000753c00000|  0%| F|  |TAMS 0x0000000753a00000| PB 0x0000000753a00000| Untracked 
|  84|0x0000000753c00000, 0x0000000753c00000, 0x0000000753e00000|  0%| F|  |TAMS 0x0000000753c00000| PB 0x0000000753c00000| Untracked 
|  85|0x0000000753e00000, 0x0000000753e00000, 0x0000000754000000|  0%| F|  |TAMS 0x0000000753e00000| PB 0x0000000753e00000| Untracked 
|  86|0x0000000754000000, 0x0000000754000000, 0x0000000754200000|  0%| F|  |TAMS 0x0000000754000000| PB 0x0000000754000000| Untracked 
|  87|0x0000000754200000, 0x0000000754200000, 0x0000000754400000|  0%| F|  |TAMS 0x0000000754200000| PB 0x0000000754200000| Untracked 
|  88|0x0000000754400000, 0x0000000754400000, 0x0000000754600000|  0%| F|  |TAMS 0x0000000754400000| PB 0x0000000754400000| Untracked 
|  89|0x0000000754600000, 0x00000007546f68c8, 0x0000000754800000| 48%| E|  |TAMS 0x0000000754600000| PB 0x0000000754600000| Complete 
|  90|0x0000000754800000, 0x0000000754a00000, 0x0000000754a00000|100%| E|CS|TAMS 0x0000000754800000| PB 0x0000000754800000| Complete 
|  91|0x0000000754a00000, 0x0000000754c00000, 0x0000000754c00000|100%| E|CS|TAMS 0x0000000754a00000| PB 0x0000000754a00000| Complete 

Card table byte_map: [0x0000028b2e750000,0x0000028b2ed10000] _byte_map_base: 0x0000028b2ad06000

Marking Bits: (CMBitMap*) 0x0000028b16d68a10
 Bits: [0x0000028b2ed10000, 0x0000028b31ac0000)

Polling page: 0x0000028b14b20000

Metaspace:

Usage:
  Non-class:      3.76 MB used.
      Class:    460.51 KB used.
       Both:      4.21 MB used.

Virtual space:
  Non-class space:       64.00 MB reserved,       3.81 MB (  6%) committed,  1 nodes.
      Class space:        1.00 GB reserved,     512.00 KB ( <1%) committed,  1 nodes.
             Both:        1.06 GB reserved,       4.31 MB ( <1%) committed. 

Chunk freelists:
   Non-Class:  11.89 MB
       Class:  15.50 MB
        Both:  27.40 MB

MaxMetaspaceSize: unlimited
CompressedClassSpaceSize: 1.00 GB
Initial GC threshold: 21.00 MB
Current GC threshold: 21.00 MB
CDS: on
 - commit_granule_bytes: 65536.
 - commit_granule_words: 8192.
 - virtual_space_node_default_size: 8388608.
 - enlarge_chunks_in_place: 1.
 - use_allocation_guard: 0.


Internal statistics:

num_allocs_failed_limit: 0.
num_arena_births: 112.
num_arena_deaths: 0.
num_vsnodes_births: 2.
num_vsnodes_deaths: 0.
num_space_committed: 69.
num_space_uncommitted: 0.
num_chunks_returned_to_freelist: 0.
num_chunks_taken_from_freelist: 131.
num_chunk_merges: 0.
num_chunk_splits: 81.
num_chunks_enlarged: 34.
num_inconsistent_stats: 0.

CodeHeap 'non-profiled nmethods': size=120000Kb used=158Kb max_used=158Kb free=119841Kb
 bounds [0x0000028b26c60000, 0x0000028b26ed0000, 0x0000028b2e190000]
CodeHeap 'profiled nmethods': size=120000Kb used=740Kb max_used=740Kb free=119259Kb
 bounds [0x0000028b1f190000, 0x0000028b1f400000, 0x0000028b266c0000]
CodeHeap 'non-nmethods': size=5760Kb used=1399Kb max_used=1409Kb free=4360Kb
 bounds [0x0000028b266c0000, 0x0000028b26930000, 0x0000028b26c60000]
 total_blobs=1021 nmethods=525 adapters=402
 compilation: enabled
              stopped_count=0, restarted_count=0
 full_count=0

Compilation events (20 events):
Event: 0.725 Thread 0x0000028b33f57f30  516       3       java.util.ImmutableCollections$List12::get (35 bytes)
Event: 0.726 Thread 0x0000028b33f57f30 nmethod 516 0x0000028b1f243490 code [0x0000028b1f243640, 0x0000028b1f2438f0]
Event: 0.726 Thread 0x0000028b33f57f30  518       3       java.util.HashMap::putVal (300 bytes)
Event: 0.727 Thread 0x0000028b33f57f30 nmethod 518 0x0000028b1f243990 code [0x0000028b1f243c60, 0x0000028b1f244e80]
Event: 0.727 Thread 0x0000028b33f57f30  517       3       jdk.internal.util.ArraysSupport::mismatch (103 bytes)
Event: 0.728 Thread 0x0000028b33f57f30 nmethod 517 0x0000028b1f245310 code [0x0000028b1f245500, 0x0000028b1f245930]
Event: 0.729 Thread 0x0000028b33f57f30  519       3       java.lang.String::startsWith (123 bytes)
Event: 0.730 Thread 0x0000028b33f57f30 nmethod 519 0x0000028b1f245b10 code [0x0000028b1f245d40, 0x0000028b1f2464c0]
Event: 0.730 Thread 0x0000028b33f57f30  520       3       java.lang.String::endsWith (15 bytes)
Event: 0.731 Thread 0x0000028b33f57f30 nmethod 520 0x0000028b1f246710 code [0x0000028b1f2468e0, 0x0000028b1f246c20]
Event: 0.731 Thread 0x0000028b33f57f30  521       3       sun.util.ResourceBundleEnumeration::hasMoreElements (117 bytes)
Event: 0.731 Thread 0x0000028b33f57f30 nmethod 521 0x0000028b1f246e10 code [0x0000028b1f247060, 0x0000028b1f247b20]
Event: 0.732 Thread 0x0000028b33f57f30  522       3       java.lang.invoke.MethodHandleNatives::refKindHasReceiver (33 bytes)
Event: 0.733 Thread 0x0000028b33f57f30 nmethod 522 0x0000028b1f247d10 code [0x0000028b1f247ea0, 0x0000028b1f247ff8]
Event: 0.734 Thread 0x0000028b33f57f30  523       3       jdk.internal.org.objectweb.asm.SymbolTable::addTypeInternal (85 bytes)
Event: 0.735 Thread 0x0000028b33f57f30 nmethod 523 0x0000028b1f248090 code [0x0000028b1f248280, 0x0000028b1f2488c8]
Event: 0.736 Thread 0x0000028b33f57f30  524       3       jdk.internal.access.SharedSecrets::getJavaLangAccess (4 bytes)
Event: 0.736 Thread 0x0000028b33f57f30 nmethod 524 0x0000028b1f248a90 code [0x0000028b1f248c20, 0x0000028b1f248d20]
Event: 0.737 Thread 0x0000028b33f57f30  525       3       java.lang.ref.Reference::<init> (7 bytes)
Event: 0.737 Thread 0x0000028b33f57f30 nmethod 525 0x0000028b1f248d90 code [0x0000028b1f248f40, 0x0000028b1f249200]

GC Heap History (0 events):
No events

Dll operation events (6 events):
Event: 0.019 Loaded shared library C:\Program Files\Java\jdk-21\bin\java.dll
Event: 0.097 Loaded shared library C:\Program Files\Java\jdk-21\bin\jsvml.dll
Event: 0.182 Loaded shared library C:\Program Files\Java\jdk-21\bin\net.dll
Event: 0.187 Loaded shared library C:\Program Files\Java\jdk-21\bin\nio.dll
Event: 0.257 Loaded shared library C:\Program Files\Java\jdk-21\bin\jimage.dll
Event: 0.290 Loaded shared library C:\Program Files\Java\jdk-21\bin\awt.dll

Deoptimization events (4 events):
Event: 0.629 Thread 0x0000028b14b57d70 Uncommon trap: trap_request=0xffffff45 fr.pc=0x0000028b26c70164 relative=0x0000000000000b04
Event: 0.629 Thread 0x0000028b14b57d70 Uncommon trap: reason=unstable_if action=reinterpret pc=0x0000028b26c70164 method=java.util.HashMap.putVal(ILjava/lang/Object;Ljava/lang/Object;ZZ)Ljava/lang/Object; @ 81 c2
Event: 0.629 Thread 0x0000028b14b57d70 DEOPT PACKING pc=0x0000028b26c70164 sp=0x000000f3802fdd40
Event: 0.629 Thread 0x0000028b14b57d70 DEOPT UNPACKING pc=0x0000028b267146a2 sp=0x000000f3802fdcf0 mode 2

Classes loaded (20 events):
Event: 0.743 Loading class javax/swing/plaf/RootPaneUI
Event: 0.743 Loading class javax/swing/plaf/RootPaneUI done
Event: 0.743 Loading class javax/swing/plaf/basic/BasicRootPaneUI done
Event: 0.743 Loading class javax/swing/plaf/metal/MetalRootPaneUI done
Event: 0.744 Loading class javax/swing/plaf/basic/BasicRootPaneUI$RootPaneInputMap
Event: 0.744 Loading class javax/swing/plaf/ComponentInputMapUIResource
Event: 0.744 Loading class javax/swing/ComponentInputMap
Event: 0.744 Loading class javax/swing/InputMap
Event: 0.744 Loading class javax/swing/InputMap done
Event: 0.744 Loading class javax/swing/ComponentInputMap done
Event: 0.744 Loading class javax/swing/plaf/ComponentInputMapUIResource done
Event: 0.744 Loading class javax/swing/plaf/basic/BasicRootPaneUI$RootPaneInputMap done
Event: 0.744 Loading class javax/swing/plaf/InputMapUIResource
Event: 0.744 Loading class javax/swing/plaf/InputMapUIResource done
Event: 0.744 Loading class java/util/StringTokenizer
Event: 0.745 Loading class java/util/StringTokenizer done
Event: 0.745 Loading class java/awt/VKCollection
Event: 0.746 Loading class java/awt/VKCollection done
Event: 0.746 Loading class java/awt/event/KeyEvent
Event: 0.747 Loading class java/awt/event/KeyEvent done

Classes unloaded (0 events):
No events

Classes redefined (0 events):
No events

Internal exceptions (11 events):
Event: 0.189 Thread 0x0000028b14b57d70 Exception <a 'sun/nio/fs/WindowsException'{0x0000000754baf518}> (0x0000000754baf518) 
thrown [s\open\src\hotspot\share\prims\jni.cpp, line 520]
Event: 0.194 Thread 0x0000028b14b57d70 Exception <a 'sun/nio/fs/WindowsException'{0x0000000754bb19b8}> (0x0000000754bb19b8) 
thrown [s\open\src\hotspot\share\prims\jni.cpp, line 520]
Event: 0.194 Thread 0x0000028b14b57d70 Exception <a 'sun/nio/fs/WindowsException'{0x0000000754bb28e0}> (0x0000000754bb28e0) 
thrown [s\open\src\hotspot\share\prims\jni.cpp, line 520]
Event: 0.269 Thread 0x0000028b14b57d70 Exception <a 'java/lang/ClassNotFoundException'{0x0000000754855000}: sun/awt/resources/spi/awtProvider> (0x0000000754855000) 
thrown [s\open\src\hotspot\share\classfile\systemDictionary.cpp, line 312]
Event: 0.324 Thread 0x0000028b14b57d70 Exception <a 'java/io/FileNotFoundException'{0x00000007548aa280}> (0x00000007548aa280) 
thrown [s\open\src\hotspot\share\prims\jni.cpp, line 520]
Event: 0.341 Thread 0x0000028b14b57d70 Exception <a 'java/io/FileNotFoundException'{0x00000007548d4540}> (0x00000007548d4540) 
thrown [s\open\src\hotspot\share\prims\jni.cpp, line 520]
Event: 0.633 Thread 0x0000028b14b57d70 Exception <a 'java/lang/NoSuchMethodError'{0x000000075496aff0}: 'void java.lang.invoke.DirectMethodHandle$Holder.invokeSpecial(java.lang.Object, java.lang.Object, java.lang.Object)'> (0x000000075496aff0) 
thrown [s\open\src\hotspot\share\interpreter\linkResolver.cpp, line 773]
Event: 0.651 Thread 0x0000028b14b57d70 Exception <a 'java/lang/NoSuchMethodError'{0x000000075460bf38}: 'java.lang.Object java.lang.invoke.DirectMethodHandle$Holder.newInvokeSpecial(java.lang.Object, java.lang.Object, java.lang.Object, java.lang.Object, java.lang.Object)'> (0x000000075460bf38) 
thrown [s\open\src\hotspot\share\interpreter\linkResolver.cpp, line 773]
Event: 0.669 Thread 0x0000028b14b57d70 Exception <a 'java/lang/NoSuchMethodError'{0x0000000754637ac0}: 'java.lang.Object java.lang.invoke.DirectMethodHandle$Holder.invokeStatic(java.lang.Object, int, java.lang.Object)'> (0x0000000754637ac0) 
thrown [s\open\src\hotspot\share\interpreter\linkResolver.cpp, line 773]
Event: 0.724 Thread 0x0000028b14b57d70 Exception <a 'java/lang/ClassNotFoundException'{0x00000007546d79f0}: com/sun/swing/internal/plaf/metal/resources/spi/metalProvider> (0x00000007546d79f0) 
thrown [s\open\src\hotspot\share\classfile\systemDictionary.cpp, line 312]
Event: 0.727 Thread 0x0000028b14b57d70 Exception <a 'java/lang/ClassNotFoundException'{0x00000007546db900}: com/sun/swing/internal/plaf/basic/resources/spi/basicProvider> (0x00000007546db900) 
thrown [s\open\src\hotspot\share\classfile\systemDictionary.cpp, line 312]

ZGC Phase Switch (0 events):
No events

VM Operations (4 events):
Event: 0.199 Executing VM operation: HandshakeAllThreads (Deoptimize)
Event: 0.199 Executing VM operation: HandshakeAllThreads (Deoptimize) done
Event: 0.359 Executing VM operation: HandshakeAllThreads (Deoptimize)
Event: 0.359 Executing VM operation: HandshakeAllThreads (Deoptimize) done

Events (14 events):
Event: 0.055 Thread 0x0000028b14b57d70 Thread added: 0x0000028b14b57d70
Event: 0.092 Thread 0x0000028b33f47c00 Thread added: 0x0000028b33f47c00
Event: 0.092 Thread 0x0000028b33f48b20 Thread added: 0x0000028b33f48b20
Event: 0.093 Thread 0x0000028b33f4c910 Thread added: 0x0000028b33f4c910
Event: 0.093 Thread 0x0000028b33f4d570 Thread added: 0x0000028b33f4d570
Event: 0.093 Thread 0x0000028b33f4dfd0 Thread added: 0x0000028b33f4dfd0
Event: 0.093 Thread 0x0000028b33f4ea30 Thread added: 0x0000028b33f4ea30
Event: 0.094 Thread 0x0000028b33f53f90 Thread added: 0x0000028b33f53f90
Event: 0.094 Thread 0x0000028b33f57f30 Thread added: 0x0000028b33f57f30
Event: 0.151 Thread 0x0000028b79151060 Thread added: 0x0000028b79151060
Event: 0.228 Thread 0x0000028b791c58e0 Thread added: 0x0000028b791c58e0
Event: 0.445 Thread 0x0000028b79392b20 Thread added: 0x0000028b79392b20
Event: 0.448 Thread 0x0000028b79395c50 Thread added: 0x0000028b79395c50
Event: 0.453 Thread 0x0000028b79399260 Thread added: 0x0000028b79399260


Dynamic libraries:
0x00007ff7b57e0000 - 0x00007ff7b57f0000 	C:\Program Files\Java\jdk-21\bin\java.exe
0x00007fffa3230000 - 0x00007fffa3428000 	C:\WINDOWS\SYSTEM32\ntdll.dll
0x00007fffa1260000 - 0x00007fffa131d000 	C:\WINDOWS\System32\KERNEL32.DLL
0x00007fffa0960000 - 0x00007fffa0c56000 	C:\WINDOWS\System32\KERNELBASE.dll
0x00007fffa0dc0000 - 0x00007fffa0ec0000 	C:\WINDOWS\System32\ucrtbase.dll
0x00007fff8fc60000 - 0x00007fff8fc7b000 	C:\Program Files\Java\jdk-21\bin\VCRUNTIME140.dll
0x00007fff9c380000 - 0x00007fff9c399000 	C:\Program Files\Java\jdk-21\bin\jli.dll
0x00007fffa30e0000 - 0x00007fffa3190000 	C:\WINDOWS\System32\ADVAPI32.dll
0x00007fffa25a0000 - 0x00007fffa263e000 	C:\WINDOWS\System32\msvcrt.dll
0x00007fffa2840000 - 0x00007fffa28e0000 	C:\WINDOWS\System32\sechost.dll
0x00007fffa2ad0000 - 0x00007fffa2bf3000 	C:\WINDOWS\System32\RPCRT4.dll
0x00007fffa0930000 - 0x00007fffa0957000 	C:\WINDOWS\System32\bcrypt.dll
0x00007fffa2dc0000 - 0x00007fffa2f5f000 	C:\WINDOWS\System32\USER32.dll
0x00007fffa1110000 - 0x00007fffa1132000 	C:\WINDOWS\System32\win32u.dll
0x00007fff934f0000 - 0x00007fff9378a000 	C:\WINDOWS\WinSxS\amd64_microsoft.windows.common-controls_6595b64144ccf1df_6.0.19041.4355_none_60b8b9eb71f62e16\COMCTL32.dll
0x00007fffa1440000 - 0x00007fffa146b000 	C:\WINDOWS\System32\GDI32.dll
0x00007fffa1140000 - 0x00007fffa1257000 	C:\WINDOWS\System32\gdi32full.dll
0x00007fffa0fe0000 - 0x00007fffa107d000 	C:\WINDOWS\System32\msvcp_win.dll
0x00007fff981a0000 - 0x00007fff981aa000 	C:\WINDOWS\SYSTEM32\VERSION.dll
0x00007fffa14d0000 - 0x00007fffa1502000 	C:\WINDOWS\System32\IMM32.DLL
0x00007fff9c220000 - 0x00007fff9c22c000 	C:\Program Files\Java\jdk-21\bin\vcruntime140_1.dll
0x00007fff62070000 - 0x00007fff620fe000 	C:\Program Files\Java\jdk-21\bin\msvcp140.dll
0x00007fff2bcb0000 - 0x00007fff2c9c7000 	C:\Program Files\Java\jdk-21\bin\server\jvm.dll
0x00007fffa29c0000 - 0x00007fffa2a2b000 	C:\WINDOWS\System32\WS2_32.dll
0x00007fffa0730000 - 0x00007fffa077b000 	C:\WINDOWS\SYSTEM32\POWRPROF.dll
0x00007fff98170000 - 0x00007fff98197000 	C:\WINDOWS\SYSTEM32\WINMM.dll
0x00007fffa0710000 - 0x00007fffa0722000 	C:\WINDOWS\SYSTEM32\UMPDC.dll
0x00007fff9e760000 - 0x00007fff9e772000 	C:\WINDOWS\SYSTEM32\kernel.appcore.dll
0x00007fff8fc50000 - 0x00007fff8fc5a000 	C:\Program Files\Java\jdk-21\bin\jimage.dll
0x00007fff88e70000 - 0x00007fff89054000 	C:\WINDOWS\SYSTEM32\DBGHELP.DLL
0x00007fff88e30000 - 0x00007fff88e64000 	C:\WINDOWS\SYSTEM32\dbgcore.DLL
0x00007fffa1080000 - 0x00007fffa1102000 	C:\WINDOWS\System32\bcryptPrimitives.dll
0x00007fff88b60000 - 0x00007fff88b7f000 	C:\Program Files\Java\jdk-21\bin\java.dll
0x00007fffa1e30000 - 0x00007fffa259d000 	C:\WINDOWS\System32\SHELL32.dll
0x00007fff9e960000 - 0x00007fff9f0fd000 	C:\WINDOWS\SYSTEM32\windows.storage.dll
0x00007fffa1660000 - 0x00007fffa19b3000 	C:\WINDOWS\System32\combase.dll
0x00007fffa0290000 - 0x00007fffa02be000 	C:\WINDOWS\SYSTEM32\Wldp.dll
0x00007fffa3010000 - 0x00007fffa30dd000 	C:\WINDOWS\System32\OLEAUT32.dll
0x00007fffa2f60000 - 0x00007fffa300d000 	C:\WINDOWS\System32\SHCORE.dll
0x00007fffa1470000 - 0x00007fffa14c5000 	C:\WINDOWS\System32\shlwapi.dll
0x00007fffa0810000 - 0x00007fffa0834000 	C:\WINDOWS\SYSTEM32\profapi.dll
0x00007fff50570000 - 0x00007fff50647000 	C:\Program Files\Java\jdk-21\bin\jsvml.dll
0x00007fff884b0000 - 0x00007fff884c0000 	C:\Program Files\Java\jdk-21\bin\net.dll
0x00007fff96ba0000 - 0x00007fff96caa000 	C:\WINDOWS\SYSTEM32\WINHTTP.dll
0x00007fff9fff0000 - 0x00007fffa005a000 	C:\WINDOWS\system32\mswsock.dll
0x00007fff88460000 - 0x00007fff88476000 	C:\Program Files\Java\jdk-21\bin\nio.dll
0x00007fff40af0000 - 0x00007fff40c7f000 	C:\Program Files\Java\jdk-21\bin\awt.dll
0x00007fff9e160000 - 0x00007fff9e1f0000 	C:\WINDOWS\SYSTEM32\apphelp.dll
0x00007fff9e580000 - 0x00007fff9e5af000 	C:\WINDOWS\system32\DWMAPI.DLL
0x00007fff9e290000 - 0x00007fff9e32e000 	C:\WINDOWS\system32\uxtheme.dll
0x00007fff409c0000 - 0x00007fff40ae5000 	C:\WINDOWS\system32\opengl32.dll
0x00007fff850b0000 - 0x00007fff850dc000 	C:\WINDOWS\SYSTEM32\GLU32.dll
0x00007fffa1320000 - 0x00007fffa1434000 	C:\WINDOWS\System32\MSCTF.dll
0x00007fffa2710000 - 0x00007fffa283b000 	C:\WINDOWS\System32\ole32.dll
0x00007fff77410000 - 0x00007fff775de000 	C:\WINDOWS\system32\d3d9.dll
0x00007fff98740000 - 0x00007fff9891b000 	C:\WINDOWS\System32\DriverStore\FileRepository\u0369996.inf_amd64_341b825757693c75\B369942\aticfx64.dll
0x00007fff773d0000 - 0x00007fff77403000 	C:\WINDOWS\System32\DriverStore\FileRepository\u0369996.inf_amd64_341b825757693c75\B369942\atiu9p64.dll
0x00007fff76670000 - 0x00007fff773ca000 	C:\WINDOWS\System32\DriverStore\FileRepository\u0369996.inf_amd64_341b825757693c75\B369942\atiumd64.dll
0x0000000075230000 - 0x00000000760fb000 	C:\WINDOWS\System32\DriverStore\FileRepository\u0369996.inf_amd64_341b825757693c75\B369942\atiumd6a.dll
0x00007fff98100000 - 0x00007fff98130000 	C:\WINDOWS\SYSTEM32\amdihk64.dll
0x00007fff98940000 - 0x00007fff9897b000 	C:\WINDOWS\SYSTEM32\dxcore.dll
0x00007fffa08e0000 - 0x00007fffa092e000 	C:\WINDOWS\System32\cfgmgr32.dll

dbghelp: loaded successfully - version: 4.0.5 - missing functions: none
symbol engine: initialized successfully - sym options: 0x614 - pdb path: .;C:\Program Files\Java\jdk-21\bin;C:\WINDOWS\SYSTEM32;C:\WINDOWS\WinSxS\amd64_microsoft.windows.common-controls_6595b64144ccf1df_6.0.19041.4355_none_60b8b9eb71f62e16;C:\Program Files\Java\jdk-21\bin\server;C:\WINDOWS\System32\DriverStore\FileRepository\u0369996.inf_amd64_341b825757693c75\B369942

VM Arguments:
jvm_args: -Dfile.encoding=UTF-8 --module-path=D:\college projects\secound year\java-prog\JavaApplication3\build\classes 
java_command: login
java_class_path (initial): D:\college projects\secound year\java-prog\JavaApplication3\build\classes
Launcher Type: SUN_STANDARD

[Global flags]
     intx CICompilerCount                          = 3                                         {product} {ergonomic}
     uint ConcGCThreads                            = 1                                         {product} {ergonomic}
     uint G1ConcRefinementThreads                  = 4                                         {product} {ergonomic}
   size_t G1HeapRegionSize                         = 2097152                                   {product} {ergonomic}
    uintx GCDrainStackTargetSize                   = 64                                        {product} {ergonomic}
   size_t InitialHeapSize                          = 192937984                                 {product} {ergonomic}
   size_t MarkStackSize                            = 4194304                                   {product} {ergonomic}
   size_t MaxHeapSize                              = 3066036224                                {product} {ergonomic}
   size_t MaxNewSize                               = 1839202304                                {product} {ergonomic}
   size_t MinHeapDeltaBytes                        = 2097152                                   {product} {ergonomic}
   size_t MinHeapSize                              = 8388608                                   {product} {ergonomic}
    uintx NonNMethodCodeHeapSize                   = 5832780                                {pd product} {ergonomic}
    uintx NonProfiledCodeHeapSize                  = 122912730                              {pd product} {ergonomic}
    uintx ProfiledCodeHeapSize                     = 122912730                              {pd product} {ergonomic}
    uintx ReservedCodeCacheSize                    = 251658240                              {pd product} {ergonomic}
     bool SegmentedCodeCache                       = true                                      {product} {ergonomic}
   size_t SoftMaxHeapSize                          = 3066036224                             {manageable} {ergonomic}
     bool UseCompressedOops                        = true                           {product lp64_product} {ergonomic}
     bool UseG1GC                                  = true                                      {product} {ergonomic}
     bool UseLargePagesIndividualAllocation        = false                                  {pd product} {ergonomic}

Logging:
Log output configuration:
 #0: stdout all=warning uptime,level,tags foldmultilines=false
 #1: stderr all=off uptime,level,tags foldmultilines=false

Environment Variables:
PATH=C:\Program Files\Common Files\Oracle\Java\javapath;C:\Program Files (x86)\Embarcadero\Studio\21.0\bin;C:\Users\Public\Documents\Embarcadero\Studio\21.0\Bpl;C:\Program Files (x86)\Embarcadero\Studio\21.0\bin64;C:\Users\Public\Documents\Embarcadero\Studio\21.0\Bpl\Win64;C:\Program Files (x86)\Embarcadero\Studio\22.0\bin;C:\Users\Public\Documents\Embarcadero\Studio\22.0\Bpl;C:\Program Files (x86)\Embarcadero\Studio\22.0\bin64;C:\Users\Public\Documents\Embarcadero\Studio\22.0\Bpl\Win64;C:\WINDOWS\system32;C:\WINDOWS;C:\WINDOWS\System32\Wbem;C:\WINDOWS\System32\WindowsPowerShell\v1.0\;C:\WINDOWS\System32\OpenSSH\;C:\Program Files\Microsoft VS Code\bin;C:\mingw64\bin;C:\MinGW\bin;C:\Users\Heba Ahmed\AppData\Local\Microsoft\WindowsApps;C:\MinGW\bin;
USERNAME=Heba Ahmed
OS=Windows_NT
PROCESSOR_IDENTIFIER=AMD64 Family 21 Model 96 Stepping 1, AuthenticAMD
TMP=C:\Users\HEBAAH~1\AppData\Local\Temp
TEMP=C:\Users\HEBAAH~1\AppData\Local\Temp




Periodic native trim disabled

---------------  S Y S T E M  ---------------

OS:
 Windows 10 , 64 bit Build 19041 (10.0.19041.3636)
OS uptime: 0 days 2:42 hours

CPU: total 4 (initial active 4) (4 cores per cpu, 1 threads per core) family 21 model 96 stepping 1 microcode 0x0, cx8, cmov, fxsr, mmx, 3dnowpref, sse, sse2, sse3, ssse3, sse4a, sse4.1, sse4.2, popcnt, lzcnt, tsc, tscinvbit, avx, avx2, aes, clmul, bmi1, bmi2, fma, vzeroupper, clflush, rdtscp, f16c
Processor Information for all 4 processors :
  Max Mhz: 1800, Current Mhz: 1800, Mhz Limit: 1800

Memory: 4k page, system-wide physical 11690M (1869M free)
TotalPageFile size 42046M (AvailPageFile size 5M)
current process WorkingSet (physical memory assigned to process): 60M, peak: 60M
current process commit charge ("private bytes"): 279M, peak: 279M

vm_info: Java HotSpot(TM) 64-Bit Server VM (21.0.2+13-LTS-58) for windows-amd64 JRE (21.0.2+13-LTS-58), built on 2024-01-05T18:32:24Z by "mach5one" with MS VC++ 17.1 (VS2022)

END.
