#
# There is insufficient memory for the Java Runtime Environment to continue.
# Native memory allocation (mmap) failed to map 65536 bytes for Failed to commit metaspace.
# Possible reasons:
#   The system is out of physical RAM or swap space
#   The process is running with CompressedOops enabled, and the Java Heap may be blocking the growth of the native heap
# Possible solutions:
#   Reduce memory load on the system
#   Increase physical memory or swap space
#   Check if swap backing store is full
#   Decrease Java heap size (-Xmx/-Xms)
#   Decrease number of Java threads
#   Decrease Java thread stack sizes (-Xss)
#   Set larger code cache with -XX:ReservedCodeCacheSize=
#   JVM is running with Zero Based Compressed Oops mode in which the Java heap is
#     placed in the first 32GB address space. The Java Heap base address is the
#     maximum limit for the native heap growth. Please use -XX:HeapBaseMinAddress
#     to set the Java Heap base and to place the Java Heap above 32GB virtual address.
# This output file may be truncated or incomplete.
#
#  Out of Memory Error (virtualSpaceNode.cpp:112), pid=28532, tid=28900
#
# JRE version: Java(TM) SE Runtime Environment (21.0.2+13) (build 21.0.2+13-LTS-58)
# Java VM: Java HotSpot(TM) 64-Bit Server VM (21.0.2+13-LTS-58, mixed mode, sharing, tiered, compressed oops, compressed class ptrs, g1 gc, windows-amd64)
# No core dump will be written. Minidumps are not enabled by default on client versions of Windows
#

---------------  S U M M A R Y ------------

Command Line: -Dfile.encoding=UTF-8 --module-path=D:\college projects\secound year\java-prog\JavaApplication3\build\classes login

Host: AMD PRO A10-8700B R6, 10 Compute Cores 4C+6G   , 4 cores, 11G,  Windows 10 , 64 bit Build 19041 (10.0.19041.3636)
Time: Thu May  2 01:10:29 2024 Egypt Daylight Time elapsed time: 1.280432 seconds (0d 0h 0m 1s)

---------------  T H R E A D  ---------------

Current thread (0x000001b388f5d5c0):  JavaThread "main"             [_thread_in_vm, id=28900, stack(0x00000090e1400000,0x00000090e1500000) (1024K)]

Stack: [0x00000090e1400000,0x00000090e1500000]
Native frames: (J=compiled Java code, j=interpreted, Vv=VM code, C=native code)
V  [jvm.dll+0x6cade9]
V  [jvm.dll+0x8569c1]
V  [jvm.dll+0x858d2e]
V  [jvm.dll+0x859413]
V  [jvm.dll+0x280e56]
V  [jvm.dll+0x8526ee]
V  [jvm.dll+0x66e705]
V  [jvm.dll+0x66e76a]
V  [jvm.dll+0x670f96]
V  [jvm.dll+0x670e62]
V  [jvm.dll+0x66f0de]
V  [jvm.dll+0x26c7a7]
V  [jvm.dll+0x2137b8]
V  [jvm.dll+0x218640]
V  [jvm.dll+0x20dd9e]
V  [jvm.dll+0x5ad3dc]
V  [jvm.dll+0x21f76a]
V  [jvm.dll+0x7cec21]
V  [jvm.dll+0x7cfc85]
V  [jvm.dll+0x7d022f]
V  [jvm.dll+0x7cfed8]
V  [jvm.dll+0x26ed7b]
V  [jvm.dll+0x26efaa]
V  [jvm.dll+0x5d0041]
V  [jvm.dll+0x5d2644]
V  [jvm.dll+0x3d7442]
V  [jvm.dll+0x3d6ee0]
C  0x000001b39a0e7711

The last pc belongs to getstatic (printed below).
Java frames: (J=compiled Java code, j=interpreted, Vv=VM code)
j  javax.swing.UIManager.initialize()V+20 java.desktop@21.0.2
j  javax.swing.UIManager.maybeInitialize()V+22 java.desktop@21.0.2
j  javax.swing.UIManager.getUI(Ljavax/swing/JComponent;)Ljavax/swing/plaf/ComponentUI;+0 java.desktop@21.0.2
j  javax.swing.JPanel.updateUI()V+2 java.desktop@21.0.2
j  javax.swing.JPanel.<init>(Ljava/awt/LayoutManager;Z)V+24 java.desktop@21.0.2
j  javax.swing.JPanel.<init>(Z)V+9 java.desktop@21.0.2
j  javax.swing.JPanel.<init>()V+2 java.desktop@21.0.2
j  javax.swing.JRootPane.createGlassPane()Ljava/awt/Component;+4 java.desktop@21.0.2
j  javax.swing.JRootPane.<init>()V+11 java.desktop@21.0.2
j  javax.swing.JFrame.createRootPane()Ljavax/swing/JRootPane;+4 java.desktop@21.0.2
j  javax.swing.JFrame.frameInit()V+16 java.desktop@21.0.2
j  javax.swing.JFrame.<init>()V+20 java.desktop@21.0.2
j  login.<init>()V+1
j  login.main([Ljava/lang/String;)V+4
v  ~StubRoutines::call_stub 0x000001b39a0d100d
getstatic  178 getstatic  [0x000001b39a0e7660, 0x000001b39a0e7860]  512 bytes
[MachCode]
  0x000001b39a0e7660: 4883 ec08 | c5fa 1104 | 24eb 1f48 | 83ec 10c5 | fb11 0424 | eb14 4883 | ec10 4889 | 0424 48c7 
  0x000001b39a0e7680: 4424 0800 | 0000 00eb | 0150 410f | b755 0148 | 8b4d d0c1 | e202 8b5c | d138 c1eb | 1081 e3ff 
  0x000001b39a0e76a0: 0000 0081 | fbb2 0000 | 000f 84b4 | 0000 00bb | b200 0000 | e805 0000 | 00e9 9900 | 0000 488b 
  0x000001b39a0e76c0: d348 8d44 | 2408 4c89 | 6dc0 498b | cfc5 f877 | 4989 afa8 | 0300 0049 | 8987 9803 | 0000 4883 
  0x000001b39a0e76e0: ec20 40f6 | c40f 0f84 | 1900 0000 | 4883 ec08 | 48b8 806e | 082c ff7f | 0000 ffd0 | 4883 c408 
  0x000001b39a0e7700: e90c 0000 | 0048 b880 | 6e08 2cff | 7f00 00ff | d048 83c4 | 2049 c787 | 9803 0000 | 0000 0000 
  0x000001b39a0e7720: 49c7 87a8 | 0300 0000 | 0000 0049 | c787 a003 | 0000 0000 | 0000 c5f8 | 7749 837f | 0800 0f84 
  0x000001b39a0e7740: 0500 0000 | e9b7 97fe | ff4c 8b6d | c04c 8b75 | c84e 8d74 | f500 c341 | 0fb7 5501 | 488b 4dd0 
  0x000001b39a0e7760: c1e2 0248 | 8b5c d148 | 8b44 d150 | 4c8b 4cd1 | 404d 8b49 | 704d 8b09 | c1e8 1c83 | e00f 0f85 
  0x000001b39a0e7780: 0b00 0000 | 410f be04 | 1950 e9b5 | 0000 0083 | f801 0f85 | 0b00 0000 | 410f b604 | 1950 e9a1 
  0x000001b39a0e77a0: 0000 0083 | f808 0f85 | 0e00 0000 | 418b 0419 | 48c1 e003 | 50e9 8a00 | 0000 83f8 | 040f 850a 
  0x000001b39a0e77c0: 0000 0041 | 8b04 1950 | e977 0000 | 0083 f802 | 0f85 0b00 | 0000 410f | b704 1950 | e963 0000 
  0x000001b39a0e77e0: 0083 f803 | 0f85 0b00 | 0000 410f | bf04 1950 | e94f 0000 | 0083 f805 | 0f85 1a00 | 0000 498b 
  0x000001b39a0e7800: 0419 4883 | ec10 4889 | 0424 48c7 | 4424 0800 | 0000 00e9 | 2c00 0000 | 83f8 060f | 8514 0000 
  0x000001b39a0e7820: 00c4 c17a | 1004 1948 | 83ec 08c5 | fa11 0424 | e90f 0000 | 00c4 c17b | 1004 1948 | 83ec 10c5 
  0x000001b39a0e7840: fb11 0424 | 410f b65d | 0349 83c5 | 0349 ba00 | 0f90 2cff | 7f00 0041 | ff24 da0f | 1f44 0000 
[/MachCode]

---------------  P R O C E S S  ---------------

Threads class SMR info:
_java_thread_list=0x000001b3a8449600, length=14, elements={
0x000001b388f5d5c0, 0x000001b3a80eb190, 0x000001b3a80ec0b0, 0x000001b3a80f32a0,
0x000001b3a80f9cf0, 0x000001b3a80fa360, 0x000001b3a80fa9d0, 0x000001b3a80fbd90,
0x000001b3a8109d70, 0x000001b3a80b8640, 0x000001b3a83e7cb0, 0x000001b3a8537360,
0x000001b3a853a490, 0x000001b3a853d880
}

Java Threads: ( => current thread )
=>0x000001b388f5d5c0 JavaThread "main"                              [_thread_in_vm, id=28900, stack(0x00000090e1400000,0x00000090e1500000) (1024K)]
  0x000001b3a80eb190 JavaThread "Reference Handler"          daemon [_thread_blocked, id=30964, stack(0x00000090e1c00000,0x00000090e1d00000) (1024K)]
  0x000001b3a80ec0b0 JavaThread "Finalizer"                  daemon [_thread_blocked, id=30972, stack(0x00000090e1d00000,0x00000090e1e00000) (1024K)]
  0x000001b3a80f32a0 JavaThread "Signal Dispatcher"          daemon [_thread_blocked, id=30968, stack(0x00000090e1e00000,0x00000090e1f00000) (1024K)]
  0x000001b3a80f9cf0 JavaThread "Attach Listener"            daemon [_thread_blocked, id=29744, stack(0x00000090e1f00000,0x00000090e2000000) (1024K)]
  0x000001b3a80fa360 JavaThread "Service Thread"             daemon [_thread_blocked, id=31112, stack(0x00000090e2000000,0x00000090e2100000) (1024K)]
  0x000001b3a80fa9d0 JavaThread "Monitor Deflation Thread"   daemon [_thread_blocked, id=31116, stack(0x00000090e2100000,0x00000090e2200000) (1024K)]
  0x000001b3a80fbd90 JavaThread "C2 CompilerThread0"         daemon [_thread_blocked, id=31108, stack(0x00000090e2200000,0x00000090e2300000) (1024K)]
  0x000001b3a8109d70 JavaThread "C1 CompilerThread0"         daemon [_thread_blocked, id=31124, stack(0x00000090e2300000,0x00000090e2400000) (1024K)]
  0x000001b3a80b8640 JavaThread "Common-Cleaner"             daemon [_thread_blocked, id=31128, stack(0x00000090e2400000,0x00000090e2500000) (1024K)]
  0x000001b3a83e7cb0 JavaThread "Notification Thread"        daemon [_thread_blocked, id=31132, stack(0x00000090e2500000,0x00000090e2600000) (1024K)]
  0x000001b3a8537360 JavaThread "Java2D Disposer"            daemon [_thread_blocked, id=31100, stack(0x00000090e2600000,0x00000090e2700000) (1024K)]
  0x000001b3a853a490 JavaThread "AWT-Shutdown"                      [_thread_blocked, id=31096, stack(0x00000090e2700000,0x00000090e2800000) (1024K)]
  0x000001b3a853d880 JavaThread "AWT-Windows"                daemon [_thread_in_native, id=31004, stack(0x00000090e2800000,0x00000090e2900000) (1024K)]
Total: 14

Other Threads:
  0x000001b3a80ccb60 VMThread "VM Thread"                           [id=30816, stack(0x00000090e1b00000,0x00000090e1c00000) (1024K)]
  0x000001b3a80b5b40 WatcherThread "VM Periodic Task Thread"        [id=30932, stack(0x00000090e1a00000,0x00000090e1b00000) (1024K)]
  0x000001b388fa8be0 WorkerThread "GC Thread#0"                     [id=31180, stack(0x00000090e1500000,0x00000090e1600000) (1024K)]
  0x000001b388fb61a0 ConcurrentGCThread "G1 Main Marker"            [id=31172, stack(0x00000090e1600000,0x00000090e1700000) (1024K)]
  0x000001b388fb6d60 WorkerThread "G1 Conc#0"                       [id=21560, stack(0x00000090e1700000,0x00000090e1800000) (1024K)]
  0x000001b389025c60 ConcurrentGCThread "G1 Refine#0"               [id=29216, stack(0x00000090e1800000,0x00000090e1900000) (1024K)]
  0x000001b3890266e0 ConcurrentGCThread "G1 Service"                [id=31160, stack(0x00000090e1900000,0x00000090e1a00000) (1024K)]
Total: 7

Threads with active compile tasks:
Total: 0

VM state: not at safepoint (normal execution)

VM Mutex/Monitor currently owned by a thread:  ([mutex/lock_event])
[0x00007fff2c8eace8] Metaspace_lock - owner thread: 0x000001b388f5d5c0

Heap address: 0x0000000749400000, size: 2924 MB, Compressed Oops mode: Zero based, Oop shift amount: 3

CDS archive(s) mapped at: [0x000001b3a9000000-0x000001b3a9c90000-0x000001b3a9c90000), size 13172736, SharedBaseAddress: 0x000001b3a9000000, ArchiveRelocationMode: 1.
Compressed class space mapped at: 0x000001b3aa000000-0x000001b3ea000000, reserved size: 1073741824
Narrow klass base: 0x000001b3a9000000, Narrow klass shift: 0, Narrow klass range: 0x100000000

GC Precious Log:
 CardTable entry size: 512
 Card Set container configuration: InlinePtr #cards 4 size 8 Array Of Cards #cards 16 size 48 Howl #buckets 8 coarsen threshold 3686 Howl Bitmap #cards 512 size 80 coarsen threshold 460 Card regions per heap region 1 cards per card region 4096
 CPUs: 4 total, 4 available
 Memory: 11690M
 Large Page Support: Disabled
 NUMA Support: Disabled
 Compressed Oops: Enabled (Zero based)
 Heap Region Size: 2M
 Heap Min Capacity: 8M
 Heap Initial Capacity: 184M
 Heap Max Capacity: 2924M
 Pre-touch: Disabled
 Parallel Workers: 4
 Concurrent Workers: 1
 Concurrent Refinement Workers: 4
 Periodic GC: Disabled

Heap:
 garbage-first heap   total 188416K, used 4096K [0x0000000749400000, 0x0000000800000000)
  region size 2048K, 3 young (6144K), 0 survivors (0K)
 Metaspace       used 4012K, committed 4160K, reserved 1114112K
  class space    used 425K, committed 512K, reserved 1048576K

Heap Regions: E=young(eden), S=young(survivor), O=old, HS=humongous(starts), HC=humongous(continues), CS=collection set, F=free, TAMS=top-at-mark-start, PB=parsable bottom
|   0|0x0000000749400000, 0x0000000749400000, 0x0000000749600000|  0%| F|  |TAMS 0x0000000749400000| PB 0x0000000749400000| Untracked 
|   1|0x0000000749600000, 0x0000000749600000, 0x0000000749800000|  0%| F|  |TAMS 0x0000000749600000| PB 0x0000000749600000| Untracked 
|   2|0x0000000749800000, 0x0000000749800000, 0x0000000749a00000|  0%| F|  |TAMS 0x0000000749800000| PB 0x0000000749800000| Untracked 
|   3|0x0000000749a00000, 0x0000000749a00000, 0x0000000749c00000|  0%| F|  |TAMS 0x0000000749a00000| PB 0x0000000749a00000| Untracked 
|   4|0x0000000749c00000, 0x0000000749c00000, 0x0000000749e00000|  0%| F|  |TAMS 0x0000000749c00000| PB 0x0000000749c00000| Untracked 
|   5|0x0000000749e00000, 0x0000000749e00000, 0x000000074a000000|  0%| F|  |TAMS 0x0000000749e00000| PB 0x0000000749e00000| Untracked 
|   6|0x000000074a000000, 0x000000074a000000, 0x000000074a200000|  0%| F|  |TAMS 0x000000074a000000| PB 0x000000074a000000| Untracked 
|   7|0x000000074a200000, 0x000000074a200000, 0x000000074a400000|  0%| F|  |TAMS 0x000000074a200000| PB 0x000000074a200000| Untracked 
|   8|0x000000074a400000, 0x000000074a400000, 0x000000074a600000|  0%| F|  |TAMS 0x000000074a400000| PB 0x000000074a400000| Untracked 
|   9|0x000000074a600000, 0x000000074a600000, 0x000000074a800000|  0%| F|  |TAMS 0x000000074a600000| PB 0x000000074a600000| Untracked 
|  10|0x000000074a800000, 0x000000074a800000, 0x000000074aa00000|  0%| F|  |TAMS 0x000000074a800000| PB 0x000000074a800000| Untracked 
|  11|0x000000074aa00000, 0x000000074aa00000, 0x000000074ac00000|  0%| F|  |TAMS 0x000000074aa00000| PB 0x000000074aa00000| Untracked 
|  12|0x000000074ac00000, 0x000000074ac00000, 0x000000074ae00000|  0%| F|  |TAMS 0x000000074ac00000| PB 0x000000074ac00000| Untracked 
|  13|0x000000074ae00000, 0x000000074ae00000, 0x000000074b000000|  0%| F|  |TAMS 0x000000074ae00000| PB 0x000000074ae00000| Untracked 
|  14|0x000000074b000000, 0x000000074b000000, 0x000000074b200000|  0%| F|  |TAMS 0x000000074b000000| PB 0x000000074b000000| Untracked 
|  15|0x000000074b200000, 0x000000074b200000, 0x000000074b400000|  0%| F|  |TAMS 0x000000074b200000| PB 0x000000074b200000| Untracked 
|  16|0x000000074b400000, 0x000000074b400000, 0x000000074b600000|  0%| F|  |TAMS 0x000000074b400000| PB 0x000000074b400000| Untracked 
|  17|0x000000074b600000, 0x000000074b600000, 0x000000074b800000|  0%| F|  |TAMS 0x000000074b600000| PB 0x000000074b600000| Untracked 
|  18|0x000000074b800000, 0x000000074b800000, 0x000000074ba00000|  0%| F|  |TAMS 0x000000074b800000| PB 0x000000074b800000| Untracked 
|  19|0x000000074ba00000, 0x000000074ba00000, 0x000000074bc00000|  0%| F|  |TAMS 0x000000074ba00000| PB 0x000000074ba00000| Untracked 
|  20|0x000000074bc00000, 0x000000074bc00000, 0x000000074be00000|  0%| F|  |TAMS 0x000000074bc00000| PB 0x000000074bc00000| Untracked 
|  21|0x000000074be00000, 0x000000074be00000, 0x000000074c000000|  0%| F|  |TAMS 0x000000074be00000| PB 0x000000074be00000| Untracked 
|  22|0x000000074c000000, 0x000000074c000000, 0x000000074c200000|  0%| F|  |TAMS 0x000000074c000000| PB 0x000000074c000000| Untracked 
|  23|0x000000074c200000, 0x000000074c200000, 0x000000074c400000|  0%| F|  |TAMS 0x000000074c200000| PB 0x000000074c200000| Untracked 
|  24|0x000000074c400000, 0x000000074c400000, 0x000000074c600000|  0%| F|  |TAMS 0x000000074c400000| PB 0x000000074c400000| Untracked 
|  25|0x000000074c600000, 0x000000074c600000, 0x000000074c800000|  0%| F|  |TAMS 0x000000074c600000| PB 0x000000074c600000| Untracked 
|  26|0x000000074c800000, 0x000000074c800000, 0x000000074ca00000|  0%| F|  |TAMS 0x000000074c800000| PB 0x000000074c800000| Untracked 
|  27|0x000000074ca00000, 0x000000074ca00000, 0x000000074cc00000|  0%| F|  |TAMS 0x000000074ca00000| PB 0x000000074ca00000| Untracked 
|  28|0x000000074cc00000, 0x000000074cc00000, 0x000000074ce00000|  0%| F|  |TAMS 0x000000074cc00000| PB 0x000000074cc00000| Untracked 
|  29|0x000000074ce00000, 0x000000074ce00000, 0x000000074d000000|  0%| F|  |TAMS 0x000000074ce00000| PB 0x000000074ce00000| Untracked 
|  30|0x000000074d000000, 0x000000074d000000, 0x000000074d200000|  0%| F|  |TAMS 0x000000074d000000| PB 0x000000074d000000| Untracked 
|  31|0x000000074d200000, 0x000000074d200000, 0x000000074d400000|  0%| F|  |TAMS 0x000000074d200000| PB 0x000000074d200000| Untracked 
|  32|0x000000074d400000, 0x000000074d400000, 0x000000074d600000|  0%| F|  |TAMS 0x000000074d400000| PB 0x000000074d400000| Untracked 
|  33|0x000000074d600000, 0x000000074d600000, 0x000000074d800000|  0%| F|  |TAMS 0x000000074d600000| PB 0x000000074d600000| Untracked 
|  34|0x000000074d800000, 0x000000074d800000, 0x000000074da00000|  0%| F|  |TAMS 0x000000074d800000| PB 0x000000074d800000| Untracked 
|  35|0x000000074da00000, 0x000000074da00000, 0x000000074dc00000|  0%| F|  |TAMS 0x000000074da00000| PB 0x000000074da00000| Untracked 
|  36|0x000000074dc00000, 0x000000074dc00000, 0x000000074de00000|  0%| F|  |TAMS 0x000000074dc00000| PB 0x000000074dc00000| Untracked 
|  37|0x000000074de00000, 0x000000074de00000, 0x000000074e000000|  0%| F|  |TAMS 0x000000074de00000| PB 0x000000074de00000| Untracked 
|  38|0x000000074e000000, 0x000000074e000000, 0x000000074e200000|  0%| F|  |TAMS 0x000000074e000000| PB 0x000000074e000000| Untracked 
|  39|0x000000074e200000, 0x000000074e200000, 0x000000074e400000|  0%| F|  |TAMS 0x000000074e200000| PB 0x000000074e200000| Untracked 
|  40|0x000000074e400000, 0x000000074e400000, 0x000000074e600000|  0%| F|  |TAMS 0x000000074e400000| PB 0x000000074e400000| Untracked 
|  41|0x000000074e600000, 0x000000074e600000, 0x000000074e800000|  0%| F|  |TAMS 0x000000074e600000| PB 0x000000074e600000| Untracked 
|  42|0x000000074e800000, 0x000000074e800000, 0x000000074ea00000|  0%| F|  |TAMS 0x000000074e800000| PB 0x000000074e800000| Untracked 
|  43|0x000000074ea00000, 0x000000074ea00000, 0x000000074ec00000|  0%| F|  |TAMS 0x000000074ea00000| PB 0x000000074ea00000| Untracked 
|  44|0x000000074ec00000, 0x000000074ec00000, 0x000000074ee00000|  0%| F|  |TAMS 0x000000074ec00000| PB 0x000000074ec00000| Untracked 
|  45|0x000000074ee00000, 0x000000074ee00000, 0x000000074f000000|  0%| F|  |TAMS 0x000000074ee00000| PB 0x000000074ee00000| Untracked 
|  46|0x000000074f000000, 0x000000074f000000, 0x000000074f200000|  0%| F|  |TAMS 0x000000074f000000| PB 0x000000074f000000| Untracked 
|  47|0x000000074f200000, 0x000000074f200000, 0x000000074f400000|  0%| F|  |TAMS 0x000000074f200000| PB 0x000000074f200000| Untracked 
|  48|0x000000074f400000, 0x000000074f400000, 0x000000074f600000|  0%| F|  |TAMS 0x000000074f400000| PB 0x000000074f400000| Untracked 
|  49|0x000000074f600000, 0x000000074f600000, 0x000000074f800000|  0%| F|  |TAMS 0x000000074f600000| PB 0x000000074f600000| Untracked 
|  50|0x000000074f800000, 0x000000074f800000, 0x000000074fa00000|  0%| F|  |TAMS 0x000000074f800000| PB 0x000000074f800000| Untracked 
|  51|0x000000074fa00000, 0x000000074fa00000, 0x000000074fc00000|  0%| F|  |TAMS 0x000000074fa00000| PB 0x000000074fa00000| Untracked 
|  52|0x000000074fc00000, 0x000000074fc00000, 0x000000074fe00000|  0%| F|  |TAMS 0x000000074fc00000| PB 0x000000074fc00000| Untracked 
|  53|0x000000074fe00000, 0x000000074fe00000, 0x0000000750000000|  0%| F|  |TAMS 0x000000074fe00000| PB 0x000000074fe00000| Untracked 
|  54|0x0000000750000000, 0x0000000750000000, 0x0000000750200000|  0%| F|  |TAMS 0x0000000750000000| PB 0x0000000750000000| Untracked 
|  55|0x0000000750200000, 0x0000000750200000, 0x0000000750400000|  0%| F|  |TAMS 0x0000000750200000| PB 0x0000000750200000| Untracked 
|  56|0x0000000750400000, 0x0000000750400000, 0x0000000750600000|  0%| F|  |TAMS 0x0000000750400000| PB 0x0000000750400000| Untracked 
|  57|0x0000000750600000, 0x0000000750600000, 0x0000000750800000|  0%| F|  |TAMS 0x0000000750600000| PB 0x0000000750600000| Untracked 
|  58|0x0000000750800000, 0x0000000750800000, 0x0000000750a00000|  0%| F|  |TAMS 0x0000000750800000| PB 0x0000000750800000| Untracked 
|  59|0x0000000750a00000, 0x0000000750a00000, 0x0000000750c00000|  0%| F|  |TAMS 0x0000000750a00000| PB 0x0000000750a00000| Untracked 
|  60|0x0000000750c00000, 0x0000000750c00000, 0x0000000750e00000|  0%| F|  |TAMS 0x0000000750c00000| PB 0x0000000750c00000| Untracked 
|  61|0x0000000750e00000, 0x0000000750e00000, 0x0000000751000000|  0%| F|  |TAMS 0x0000000750e00000| PB 0x0000000750e00000| Untracked 
|  62|0x0000000751000000, 0x0000000751000000, 0x0000000751200000|  0%| F|  |TAMS 0x0000000751000000| PB 0x0000000751000000| Untracked 
|  63|0x0000000751200000, 0x0000000751200000, 0x0000000751400000|  0%| F|  |TAMS 0x0000000751200000| PB 0x0000000751200000| Untracked 
|  64|0x0000000751400000, 0x0000000751400000, 0x0000000751600000|  0%| F|  |TAMS 0x0000000751400000| PB 0x0000000751400000| Untracked 
|  65|0x0000000751600000, 0x0000000751600000, 0x0000000751800000|  0%| F|  |TAMS 0x0000000751600000| PB 0x0000000751600000| Untracked 
|  66|0x0000000751800000, 0x0000000751800000, 0x0000000751a00000|  0%| F|  |TAMS 0x0000000751800000| PB 0x0000000751800000| Untracked 
|  67|0x0000000751a00000, 0x0000000751a00000, 0x0000000751c00000|  0%| F|  |TAMS 0x0000000751a00000| PB 0x0000000751a00000| Untracked 
|  68|0x0000000751c00000, 0x0000000751c00000, 0x0000000751e00000|  0%| F|  |TAMS 0x0000000751c00000| PB 0x0000000751c00000| Untracked 
|  69|0x0000000751e00000, 0x0000000751e00000, 0x0000000752000000|  0%| F|  |TAMS 0x0000000751e00000| PB 0x0000000751e00000| Untracked 
|  70|0x0000000752000000, 0x0000000752000000, 0x0000000752200000|  0%| F|  |TAMS 0x0000000752000000| PB 0x0000000752000000| Untracked 
|  71|0x0000000752200000, 0x0000000752200000, 0x0000000752400000|  0%| F|  |TAMS 0x0000000752200000| PB 0x0000000752200000| Untracked 
|  72|0x0000000752400000, 0x0000000752400000, 0x0000000752600000|  0%| F|  |TAMS 0x0000000752400000| PB 0x0000000752400000| Untracked 
|  73|0x0000000752600000, 0x0000000752600000, 0x0000000752800000|  0%| F|  |TAMS 0x0000000752600000| PB 0x0000000752600000| Untracked 
|  74|0x0000000752800000, 0x0000000752800000, 0x0000000752a00000|  0%| F|  |TAMS 0x0000000752800000| PB 0x0000000752800000| Untracked 
|  75|0x0000000752a00000, 0x0000000752a00000, 0x0000000752c00000|  0%| F|  |TAMS 0x0000000752a00000| PB 0x0000000752a00000| Untracked 
|  76|0x0000000752c00000, 0x0000000752c00000, 0x0000000752e00000|  0%| F|  |TAMS 0x0000000752c00000| PB 0x0000000752c00000| Untracked 
|  77|0x0000000752e00000, 0x0000000752e00000, 0x0000000753000000|  0%| F|  |TAMS 0x0000000752e00000| PB 0x0000000752e00000| Untracked 
|  78|0x0000000753000000, 0x0000000753000000, 0x0000000753200000|  0%| F|  |TAMS 0x0000000753000000| PB 0x0000000753000000| Untracked 
|  79|0x0000000753200000, 0x0000000753200000, 0x0000000753400000|  0%| F|  |TAMS 0x0000000753200000| PB 0x0000000753200000| Untracked 
|  80|0x0000000753400000, 0x0000000753400000, 0x0000000753600000|  0%| F|  |TAMS 0x0000000753400000| PB 0x0000000753400000| Untracked 
|  81|0x0000000753600000, 0x0000000753600000, 0x0000000753800000|  0%| F|  |TAMS 0x0000000753600000| PB 0x0000000753600000| Untracked 
|  82|0x0000000753800000, 0x0000000753800000, 0x0000000753a00000|  0%| F|  |TAMS 0x0000000753800000| PB 0x0000000753800000| Untracked 
|  83|0x0000000753a00000, 0x0000000753a00000, 0x0000000753c00000|  0%| F|  |TAMS 0x0000000753a00000| PB 0x0000000753a00000| Untracked 
|  84|0x0000000753c00000, 0x0000000753c00000, 0x0000000753e00000|  0%| F|  |TAMS 0x0000000753c00000| PB 0x0000000753c00000| Untracked 
|  85|0x0000000753e00000, 0x0000000753e00000, 0x0000000754000000|  0%| F|  |TAMS 0x0000000753e00000| PB 0x0000000753e00000| Untracked 
|  86|0x0000000754000000, 0x0000000754000000, 0x0000000754200000|  0%| F|  |TAMS 0x0000000754000000| PB 0x0000000754000000| Untracked 
|  87|0x0000000754200000, 0x0000000754200000, 0x0000000754400000|  0%| F|  |TAMS 0x0000000754200000| PB 0x0000000754200000| Untracked 
|  88|0x0000000754400000, 0x0000000754400000, 0x0000000754600000|  0%| F|  |TAMS 0x0000000754400000| PB 0x0000000754400000| Untracked 
|  89|0x0000000754600000, 0x00000007546f6b50, 0x0000000754800000| 48%| E|  |TAMS 0x0000000754600000| PB 0x0000000754600000| Complete 
|  90|0x0000000754800000, 0x0000000754a00000, 0x0000000754a00000|100%| E|CS|TAMS 0x0000000754800000| PB 0x0000000754800000| Complete 
|  91|0x0000000754a00000, 0x0000000754c00000, 0x0000000754c00000|100%| E|CS|TAMS 0x0000000754a00000| PB 0x0000000754a00000| Complete 

Card table byte_map: [0x000001b3a2790000,0x000001b3a2d50000] _byte_map_base: 0x000001b39ed46000

Marking Bits: (CMBitMap*) 0x000001b388faa200
 Bits: [0x000001b3a2d50000, 0x000001b3a5b00000)

Polling page: 0x000001b389030000

Metaspace:

Usage:
  Non-class:      3.50 MB used.
      Class:    425.52 KB used.
       Both:      3.92 MB used.

Virtual space:
  Non-class space:       64.00 MB reserved,       3.56 MB (  6%) committed,  1 nodes.
      Class space:        1.00 GB reserved,     512.00 KB ( <1%) committed,  1 nodes.
             Both:        1.06 GB reserved,       4.06 MB ( <1%) committed. 

Chunk freelists:
   Non-Class:  11.90 MB
       Class:  15.50 MB
        Both:  27.40 MB

MaxMetaspaceSize: unlimited
CompressedClassSpaceSize: 1.00 GB
Initial GC threshold: 21.00 MB
Current GC threshold: 21.00 MB
CDS: on
 - commit_granule_bytes: 65536.
 - commit_granule_words: 8192.
 - virtual_space_node_default_size: 8388608.
 - enlarge_chunks_in_place: 1.
 - use_allocation_guard: 0.


Internal statistics:

num_allocs_failed_limit: 0.
num_arena_births: 106.
num_arena_deaths: 0.
num_vsnodes_births: 2.
num_vsnodes_deaths: 0.
num_space_committed: 65.
num_space_uncommitted: 0.
num_chunks_returned_to_freelist: 0.
num_chunks_taken_from_freelist: 125.
num_chunk_merges: 0.
num_chunk_splits: 76.
num_chunks_enlarged: 31.
num_inconsistent_stats: 0.

CodeHeap 'non-profiled nmethods': size=120000Kb used=153Kb max_used=153Kb free=119846Kb
 bounds [0x000001b39a670000, 0x000001b39a8e0000, 0x000001b3a1ba0000]
CodeHeap 'profiled nmethods': size=120000Kb used=702Kb max_used=702Kb free=119297Kb
 bounds [0x000001b392ba0000, 0x000001b392e10000, 0x000001b39a0d0000]
CodeHeap 'non-nmethods': size=5760Kb used=1392Kb max_used=1406Kb free=4367Kb
 bounds [0x000001b39a0d0000, 0x000001b39a340000, 0x000001b39a670000]
 total_blobs=997 nmethods=506 adapters=397
 compilation: enabled
              stopped_count=0, restarted_count=0
 full_count=0

Compilation events (20 events):
Event: 1.258 Thread 0x000001b3a8109d70  498       3       java.lang.invoke.MethodHandles$Lookup::checkSymbolicClass (25 bytes)
Event: 1.258 Thread 0x000001b3a8109d70 nmethod 498 0x000001b392c4c010 code [0x000001b392c4c1e0, 0x000001b392c4c468]
Event: 1.259 Thread 0x000001b3a8109d70  499       3       java.lang.invoke.DirectMethodHandle$Constructor::<init> (44 bytes)
Event: 1.260 Thread 0x000001b3a8109d70 nmethod 499 0x000001b392c4c590 code [0x000001b392c4c740, 0x000001b392c4c970]
Event: 1.260 Thread 0x000001b3a8109d70  500       3       jdk.internal.org.objectweb.asm.MethodWriter::visitCode (1 bytes)
Event: 1.260 Thread 0x000001b3a8109d70 nmethod 500 0x000001b392c4ca10 code [0x000001b392c4cba0, 0x000001b392c4cca8]
Event: 1.261 Thread 0x000001b3a8109d70  501       1       java.lang.invoke.DirectMethodHandle::isCrackable (5 bytes)
Event: 1.261 Thread 0x000001b3a8109d70 nmethod 501 0x000001b39a696490 code [0x000001b39a696620, 0x000001b39a6966f0]
Event: 1.261 Thread 0x000001b3a8109d70  503       3       jdk.internal.org.objectweb.asm.MethodWriter::endCurrentBasicBlockWithNoSuccessor (94 bytes)
Event: 1.262 Thread 0x000001b3a8109d70 nmethod 503 0x000001b392c4cd10 code [0x000001b392c4cf00, 0x000001b392c4d5a0]
Event: 1.262 Thread 0x000001b3a8109d70  502       3       jdk.internal.misc.CDS::isDumpingArchive (4 bytes)
Event: 1.262 Thread 0x000001b3a8109d70 nmethod 502 0x000001b392c4d790 code [0x000001b392c4d920, 0x000001b392c4da10]
Event: 1.262 Thread 0x000001b3a8109d70  504       3       jdk.internal.org.objectweb.asm.MethodWriter::visitLabel (330 bytes)
Event: 1.264 Thread 0x000001b3a8109d70 nmethod 504 0x000001b392c4da90 code [0x000001b392c4dd20, 0x000001b392c4eaf0]
Event: 1.264 Thread 0x000001b3a8109d70  505       3       java.lang.invoke.MethodType::changeReturnType (20 bytes)
Event: 1.264 Thread 0x000001b3a8109d70 nmethod 505 0x000001b392c4ed90 code [0x000001b392c4ef40, 0x000001b392c4f110]
Event: 1.266 Thread 0x000001b3a8109d70  506       3       java.lang.invoke.Invokers::checkExactType (17 bytes)
Event: 1.266 Thread 0x000001b3a8109d70 nmethod 506 0x000001b392c4f190 code [0x000001b392c4f340, 0x000001b392c4f540]
Event: 1.266 Thread 0x000001b3a8109d70  507       3       java.lang.invoke.Invokers::checkCustomized (23 bytes)
Event: 1.266 Thread 0x000001b3a8109d70 nmethod 507 0x000001b392c4f610 code [0x000001b392c4f7c0, 0x000001b392c4f990]

GC Heap History (0 events):
No events

Dll operation events (6 events):
Event: 0.020 Loaded shared library C:\Program Files\Java\jdk-21\bin\java.dll
Event: 0.578 Loaded shared library C:\Program Files\Java\jdk-21\bin\jsvml.dll
Event: 0.699 Loaded shared library C:\Program Files\Java\jdk-21\bin\net.dll
Event: 0.706 Loaded shared library C:\Program Files\Java\jdk-21\bin\nio.dll
Event: 0.797 Loaded shared library C:\Program Files\Java\jdk-21\bin\jimage.dll
Event: 0.839 Loaded shared library C:\Program Files\Java\jdk-21\bin\awt.dll

Deoptimization events (4 events):
Event: 1.175 Thread 0x000001b388f5d5c0 Uncommon trap: trap_request=0xffffff45 fr.pc=0x000001b39a67f78c relative=0x00000000000009ac
Event: 1.175 Thread 0x000001b388f5d5c0 Uncommon trap: reason=unstable_if action=reinterpret pc=0x000001b39a67f78c method=java.util.HashMap.putVal(ILjava/lang/Object;Ljava/lang/Object;ZZ)Ljava/lang/Object; @ 236 c2
Event: 1.175 Thread 0x000001b388f5d5c0 DEOPT PACKING pc=0x000001b39a67f78c sp=0x00000090e14fdfe0
Event: 1.175 Thread 0x000001b388f5d5c0 DEOPT UNPACKING pc=0x000001b39a1246a2 sp=0x00000090e14fdf98 mode 2

Classes loaded (20 events):
Event: 1.237 Loading class javax/swing/plaf/metal/MetalLookAndFeel$FontActiveValue done
Event: 1.268 Loading class javax/swing/plaf/metal/MetalLookAndFeel$AATextListener
Event: 1.268 Loading class javax/swing/plaf/metal/MetalLookAndFeel$AATextListener done
Event: 1.268 Loading class java/beans/PropertyChangeListenerProxy
Event: 1.268 Loading class java/util/EventListenerProxy
Event: 1.268 Loading class java/util/EventListenerProxy done
Event: 1.268 Loading class java/beans/PropertyChangeListenerProxy done
Event: 1.269 Loading class javax/swing/plaf/metal/OceanTheme$1
Event: 1.269 Loading class javax/swing/plaf/metal/OceanTheme$1 done
Event: 1.269 Loading class javax/swing/plaf/metal/OceanTheme$2
Event: 1.269 Loading class javax/swing/plaf/metal/OceanTheme$2 done
Event: 1.270 Loading class javax/swing/plaf/metal/OceanTheme$3
Event: 1.270 Loading class javax/swing/plaf/metal/OceanTheme$3 done
Event: 1.270 Loading class javax/swing/plaf/metal/OceanTheme$4
Event: 1.270 Loading class javax/swing/plaf/metal/OceanTheme$4 done
Event: 1.270 Loading class javax/swing/plaf/metal/OceanTheme$5
Event: 1.270 Loading class javax/swing/plaf/metal/OceanTheme$5 done
Event: 1.270 Loading class javax/swing/plaf/metal/OceanTheme$6
Event: 1.270 Loading class javax/swing/plaf/metal/OceanTheme$6 done
Event: 1.270 Loading class javax/swing/RepaintManager

Classes unloaded (0 events):
No events

Classes redefined (0 events):
No events

Internal exceptions (9 events):
Event: 0.709 Thread 0x000001b388f5d5c0 Exception <a 'sun/nio/fs/WindowsException'{0x0000000754baf518}> (0x0000000754baf518) 
thrown [s\open\src\hotspot\share\prims\jni.cpp, line 520]
Event: 0.715 Thread 0x000001b388f5d5c0 Exception <a 'sun/nio/fs/WindowsException'{0x0000000754bb19b8}> (0x0000000754bb19b8) 
thrown [s\open\src\hotspot\share\prims\jni.cpp, line 520]
Event: 0.716 Thread 0x000001b388f5d5c0 Exception <a 'sun/nio/fs/WindowsException'{0x0000000754bb28e0}> (0x0000000754bb28e0) 
thrown [s\open\src\hotspot\share\prims\jni.cpp, line 520]
Event: 0.816 Thread 0x000001b388f5d5c0 Exception <a 'java/lang/ClassNotFoundException'{0x0000000754854f30}: sun/awt/resources/spi/awtProvider> (0x0000000754854f30) 
thrown [s\open\src\hotspot\share\classfile\systemDictionary.cpp, line 312]
Event: 0.876 Thread 0x000001b388f5d5c0 Exception <a 'java/io/FileNotFoundException'{0x00000007548aa1c0}> (0x00000007548aa1c0) 
thrown [s\open\src\hotspot\share\prims\jni.cpp, line 520]
Event: 0.896 Thread 0x000001b388f5d5c0 Exception <a 'java/io/FileNotFoundException'{0x00000007548d4438}> (0x00000007548d4438) 
thrown [s\open\src\hotspot\share\prims\jni.cpp, line 520]
Event: 1.180 Thread 0x000001b388f5d5c0 Exception <a 'java/lang/NoSuchMethodError'{0x000000075496a238}: 'void java.lang.invoke.DirectMethodHandle$Holder.invokeSpecial(java.lang.Object, java.lang.Object, java.lang.Object)'> (0x000000075496a238) 
thrown [s\open\src\hotspot\share\interpreter\linkResolver.cpp, line 773]
Event: 1.198 Thread 0x000001b388f5d5c0 Exception <a 'java/lang/NoSuchMethodError'{0x000000075460b870}: 'java.lang.Object java.lang.invoke.DirectMethodHandle$Holder.newInvokeSpecial(java.lang.Object, java.lang.Object, java.lang.Object, java.lang.Object, java.lang.Object)'> (0x000000075460b870) 
thrown [s\open\src\hotspot\share\interpreter\linkResolver.cpp, line 773]
Event: 1.215 Thread 0x000001b388f5d5c0 Exception <a 'java/lang/NoSuchMethodError'{0x00000007546373f8}: 'java.lang.Object java.lang.invoke.DirectMethodHandle$Holder.invokeStatic(java.lang.Object, int, java.lang.Object)'> (0x00000007546373f8) 
thrown [s\open\src\hotspot\share\interpreter\linkResolver.cpp, line 773]

ZGC Phase Switch (0 events):
No events

VM Operations (4 events):
Event: 0.719 Executing VM operation: HandshakeAllThreads (Deoptimize)
Event: 0.719 Executing VM operation: HandshakeAllThreads (Deoptimize) done
Event: 0.917 Executing VM operation: HandshakeAllThreads (Deoptimize)
Event: 0.917 Executing VM operation: HandshakeAllThreads (Deoptimize) done

Events (14 events):
Event: 0.531 Thread 0x000001b388f5d5c0 Thread added: 0x000001b388f5d5c0
Event: 0.569 Thread 0x000001b3a80eb190 Thread added: 0x000001b3a80eb190
Event: 0.570 Thread 0x000001b3a80ec0b0 Thread added: 0x000001b3a80ec0b0
Event: 0.571 Thread 0x000001b3a80f32a0 Thread added: 0x000001b3a80f32a0
Event: 0.571 Thread 0x000001b3a80f9cf0 Thread added: 0x000001b3a80f9cf0
Event: 0.572 Thread 0x000001b3a80fa360 Thread added: 0x000001b3a80fa360
Event: 0.572 Thread 0x000001b3a80fa9d0 Thread added: 0x000001b3a80fa9d0
Event: 0.573 Thread 0x000001b3a80fbd90 Thread added: 0x000001b3a80fbd90
Event: 0.574 Thread 0x000001b3a8109d70 Thread added: 0x000001b3a8109d70
Event: 0.656 Thread 0x000001b3a80b8640 Thread added: 0x000001b3a80b8640
Event: 0.755 Thread 0x000001b3a83e7cb0 Thread added: 0x000001b3a83e7cb0
Event: 1.009 Thread 0x000001b3a8537360 Thread added: 0x000001b3a8537360
Event: 1.013 Thread 0x000001b3a853a490 Thread added: 0x000001b3a853a490
Event: 1.016 Thread 0x000001b3a853d880 Thread added: 0x000001b3a853d880


Dynamic libraries:
0x00007ff7b57e0000 - 0x00007ff7b57f0000 	C:\Program Files\Java\jdk-21\bin\java.exe
0x00007fffa3230000 - 0x00007fffa3428000 	C:\WINDOWS\SYSTEM32\ntdll.dll
0x00007fffa1260000 - 0x00007fffa131d000 	C:\WINDOWS\System32\KERNEL32.DLL
0x00007fffa0960000 - 0x00007fffa0c56000 	C:\WINDOWS\System32\KERNELBASE.dll
0x00007fffa0dc0000 - 0x00007fffa0ec0000 	C:\WINDOWS\System32\ucrtbase.dll
0x00007fff8fc60000 - 0x00007fff8fc7b000 	C:\Program Files\Java\jdk-21\bin\VCRUNTIME140.dll
0x00007fff9c380000 - 0x00007fff9c399000 	C:\Program Files\Java\jdk-21\bin\jli.dll
0x00007fffa30e0000 - 0x00007fffa3190000 	C:\WINDOWS\System32\ADVAPI32.dll
0x00007fffa25a0000 - 0x00007fffa263e000 	C:\WINDOWS\System32\msvcrt.dll
0x00007fffa2840000 - 0x00007fffa28e0000 	C:\WINDOWS\System32\sechost.dll
0x00007fffa2ad0000 - 0x00007fffa2bf3000 	C:\WINDOWS\System32\RPCRT4.dll
0x00007fffa0930000 - 0x00007fffa0957000 	C:\WINDOWS\System32\bcrypt.dll
0x00007fffa2dc0000 - 0x00007fffa2f5f000 	C:\WINDOWS\System32\USER32.dll
0x00007fffa1110000 - 0x00007fffa1132000 	C:\WINDOWS\System32\win32u.dll
0x00007fffa1440000 - 0x00007fffa146b000 	C:\WINDOWS\System32\GDI32.dll
0x00007fffa1140000 - 0x00007fffa1257000 	C:\WINDOWS\System32\gdi32full.dll
0x00007fffa0fe0000 - 0x00007fffa107d000 	C:\WINDOWS\System32\msvcp_win.dll
0x00007fff934f0000 - 0x00007fff9378a000 	C:\WINDOWS\WinSxS\amd64_microsoft.windows.common-controls_6595b64144ccf1df_6.0.19041.4355_none_60b8b9eb71f62e16\COMCTL32.dll
0x00007fff981a0000 - 0x00007fff981aa000 	C:\WINDOWS\SYSTEM32\VERSION.dll
0x00007fffa14d0000 - 0x00007fffa1502000 	C:\WINDOWS\System32\IMM32.DLL
0x00007fff9c220000 - 0x00007fff9c22c000 	C:\Program Files\Java\jdk-21\bin\vcruntime140_1.dll
0x00007fff62070000 - 0x00007fff620fe000 	C:\Program Files\Java\jdk-21\bin\msvcp140.dll
0x00007fff2bcb0000 - 0x00007fff2c9c7000 	C:\Program Files\Java\jdk-21\bin\server\jvm.dll
0x00007fffa29c0000 - 0x00007fffa2a2b000 	C:\WINDOWS\System32\WS2_32.dll
0x00007fffa0730000 - 0x00007fffa077b000 	C:\WINDOWS\SYSTEM32\POWRPROF.dll
0x00007fff98170000 - 0x00007fff98197000 	C:\WINDOWS\SYSTEM32\WINMM.dll
0x00007fffa0710000 - 0x00007fffa0722000 	C:\WINDOWS\SYSTEM32\UMPDC.dll
0x00007fff9e760000 - 0x00007fff9e772000 	C:\WINDOWS\SYSTEM32\kernel.appcore.dll
0x00007fff8fc50000 - 0x00007fff8fc5a000 	C:\Program Files\Java\jdk-21\bin\jimage.dll
0x00007fff88e70000 - 0x00007fff89054000 	C:\WINDOWS\SYSTEM32\DBGHELP.DLL
0x00007fff88e30000 - 0x00007fff88e64000 	C:\WINDOWS\SYSTEM32\dbgcore.DLL
0x00007fffa1080000 - 0x00007fffa1102000 	C:\WINDOWS\System32\bcryptPrimitives.dll
0x00007fff88b60000 - 0x00007fff88b7f000 	C:\Program Files\Java\jdk-21\bin\java.dll
0x00007fffa1e30000 - 0x00007fffa259d000 	C:\WINDOWS\System32\SHELL32.dll
0x00007fff9e960000 - 0x00007fff9f0fd000 	C:\WINDOWS\SYSTEM32\windows.storage.dll
0x00007fffa1660000 - 0x00007fffa19b3000 	C:\WINDOWS\System32\combase.dll
0x00007fffa0290000 - 0x00007fffa02be000 	C:\WINDOWS\SYSTEM32\Wldp.dll
0x00007fffa3010000 - 0x00007fffa30dd000 	C:\WINDOWS\System32\OLEAUT32.dll
0x00007fffa2f60000 - 0x00007fffa300d000 	C:\WINDOWS\System32\SHCORE.dll
0x00007fffa1470000 - 0x00007fffa14c5000 	C:\WINDOWS\System32\shlwapi.dll
0x00007fffa0810000 - 0x00007fffa0834000 	C:\WINDOWS\SYSTEM32\profapi.dll
0x00007fff50570000 - 0x00007fff50647000 	C:\Program Files\Java\jdk-21\bin\jsvml.dll
0x00007fff884b0000 - 0x00007fff884c0000 	C:\Program Files\Java\jdk-21\bin\net.dll
0x00007fff96ba0000 - 0x00007fff96caa000 	C:\WINDOWS\SYSTEM32\WINHTTP.dll
0x00007fff9fff0000 - 0x00007fffa005a000 	C:\WINDOWS\system32\mswsock.dll
0x00007fff88460000 - 0x00007fff88476000 	C:\Program Files\Java\jdk-21\bin\nio.dll
0x00007fff40af0000 - 0x00007fff40c7f000 	C:\Program Files\Java\jdk-21\bin\awt.dll
0x00007fff9e160000 - 0x00007fff9e1f0000 	C:\WINDOWS\SYSTEM32\apphelp.dll
0x00007fff9e580000 - 0x00007fff9e5af000 	C:\WINDOWS\system32\DWMAPI.DLL
0x00007fff9e290000 - 0x00007fff9e32e000 	C:\WINDOWS\system32\uxtheme.dll
0x00007fff409c0000 - 0x00007fff40ae5000 	C:\WINDOWS\system32\opengl32.dll
0x00007fff850b0000 - 0x00007fff850dc000 	C:\WINDOWS\SYSTEM32\GLU32.dll
0x00007fffa1320000 - 0x00007fffa1434000 	C:\WINDOWS\System32\MSCTF.dll
0x00007fffa2710000 - 0x00007fffa283b000 	C:\WINDOWS\System32\ole32.dll
0x00007fff77410000 - 0x00007fff775de000 	C:\WINDOWS\system32\d3d9.dll
0x00007fff98740000 - 0x00007fff9891b000 	C:\WINDOWS\System32\DriverStore\FileRepository\u0369996.inf_amd64_341b825757693c75\B369942\aticfx64.dll
0x00007fff773d0000 - 0x00007fff77403000 	C:\WINDOWS\System32\DriverStore\FileRepository\u0369996.inf_amd64_341b825757693c75\B369942\atiu9p64.dll
0x00007fff76670000 - 0x00007fff773ca000 	C:\WINDOWS\System32\DriverStore\FileRepository\u0369996.inf_amd64_341b825757693c75\B369942\atiumd64.dll
0x00007fff98100000 - 0x00007fff98130000 	C:\WINDOWS\SYSTEM32\amdihk64.dll

dbghelp: loaded successfully - version: 4.0.5 - missing functions: none
symbol engine: initialized successfully - sym options: 0x614 - pdb path: .;C:\Program Files\Java\jdk-21\bin;C:\WINDOWS\SYSTEM32;C:\WINDOWS\WinSxS\amd64_microsoft.windows.common-controls_6595b64144ccf1df_6.0.19041.4355_none_60b8b9eb71f62e16;C:\Program Files\Java\jdk-21\bin\server;C:\WINDOWS\System32\DriverStore\FileRepository\u0369996.inf_amd64_341b825757693c75\B369942

VM Arguments:
jvm_args: -Dfile.encoding=UTF-8 --module-path=D:\college projects\secound year\java-prog\JavaApplication3\build\classes 
java_command: login
java_class_path (initial): D:\college projects\secound year\java-prog\JavaApplication3\build\classes
Launcher Type: SUN_STANDARD

[Global flags]
     intx CICompilerCount                          = 3                                         {product} {ergonomic}
     uint ConcGCThreads                            = 1                                         {product} {ergonomic}
     uint G1ConcRefinementThreads                  = 4                                         {product} {ergonomic}
   size_t G1HeapRegionSize                         = 2097152                                   {product} {ergonomic}
    uintx GCDrainStackTargetSize                   = 64                                        {product} {ergonomic}
   size_t InitialHeapSize                          = 192937984                                 {product} {ergonomic}
   size_t MarkStackSize                            = 4194304                                   {product} {ergonomic}
   size_t MaxHeapSize                              = 3066036224                                {product} {ergonomic}
   size_t MaxNewSize                               = 1839202304                                {product} {ergonomic}
   size_t MinHeapDeltaBytes                        = 2097152                                   {product} {ergonomic}
   size_t MinHeapSize                              = 8388608                                   {product} {ergonomic}
    uintx NonNMethodCodeHeapSize                   = 5832780                                {pd product} {ergonomic}
    uintx NonProfiledCodeHeapSize                  = 122912730                              {pd product} {ergonomic}
    uintx ProfiledCodeHeapSize                     = 122912730                              {pd product} {ergonomic}
    uintx ReservedCodeCacheSize                    = 251658240                              {pd product} {ergonomic}
     bool SegmentedCodeCache                       = true                                      {product} {ergonomic}
   size_t SoftMaxHeapSize                          = 3066036224                             {manageable} {ergonomic}
     bool UseCompressedOops                        = true                           {product lp64_product} {ergonomic}
     bool UseG1GC                                  = true                                      {product} {ergonomic}
     bool UseLargePagesIndividualAllocation        = false                                  {pd product} {ergonomic}

Logging:
Log output configuration:
 #0: stdout all=warning uptime,level,tags foldmultilines=false
 #1: stderr all=off uptime,level,tags foldmultilines=false

Environment Variables:
PATH=C:\Program Files\Common Files\Oracle\Java\javapath;C:\Program Files (x86)\Embarcadero\Studio\21.0\bin;C:\Users\Public\Documents\Embarcadero\Studio\21.0\Bpl;C:\Program Files (x86)\Embarcadero\Studio\21.0\bin64;C:\Users\Public\Documents\Embarcadero\Studio\21.0\Bpl\Win64;C:\Program Files (x86)\Embarcadero\Studio\22.0\bin;C:\Users\Public\Documents\Embarcadero\Studio\22.0\Bpl;C:\Program Files (x86)\Embarcadero\Studio\22.0\bin64;C:\Users\Public\Documents\Embarcadero\Studio\22.0\Bpl\Win64;C:\WINDOWS\system32;C:\WINDOWS;C:\WINDOWS\System32\Wbem;C:\WINDOWS\System32\WindowsPowerShell\v1.0\;C:\WINDOWS\System32\OpenSSH\;C:\Program Files\Microsoft VS Code\bin;C:\mingw64\bin;C:\MinGW\bin;C:\Users\Heba Ahmed\AppData\Local\Microsoft\WindowsApps;C:\MinGW\bin;
USERNAME=Heba Ahmed
OS=Windows_NT
PROCESSOR_IDENTIFIER=AMD64 Family 21 Model 96 Stepping 1, AuthenticAMD
TMP=C:\Users\HEBAAH~1\AppData\Local\Temp
TEMP=C:\Users\HEBAAH~1\AppData\Local\Temp




Periodic native trim disabled

---------------  S Y S T E M  ---------------

OS:
 Windows 10 , 64 bit Build 19041 (10.0.19041.3636)
OS uptime: 0 days 2:41 hours

CPU: total 4 (initial active 4) (4 cores per cpu, 1 threads per core) family 21 model 96 stepping 1 microcode 0x0, cx8, cmov, fxsr, mmx, 3dnowpref, sse, sse2, sse3, ssse3, sse4a, sse4.1, sse4.2, popcnt, lzcnt, tsc, tscinvbit, avx, avx2, aes, clmul, bmi1, bmi2, fma, vzeroupper, clflush, rdtscp, f16c
Processor Information for all 4 processors :
  Max Mhz: 1800, Current Mhz: 1800, Mhz Limit: 1800

Memory: 4k page, system-wide physical 11690M (1861M free)
TotalPageFile size 42046M (AvailPageFile size 3M)
current process WorkingSet (physical memory assigned to process): 50M, peak: 50M
current process commit charge ("private bytes"): 264M, peak: 271M

vm_info: Java HotSpot(TM) 64-Bit Server VM (21.0.2+13-LTS-58) for windows-amd64 JRE (21.0.2+13-LTS-58), built on 2024-01-05T18:32:24Z by "mach5one" with MS VC++ 17.1 (VS2022)

END.
